[2024-10-06T04:16:50.467+0000] {processor.py:186} INFO - Started process (PID=680) to work on /opt/airflow/dags/hello_world.py
[2024-10-06T04:16:50.468+0000] {processor.py:914} INFO - Processing file /opt/airflow/dags/hello_world.py for tasks to queue
[2024-10-06T04:16:50.469+0000] {logging_mixin.py:190} INFO - [2024-10-06T04:16:50.469+0000] {dagbag.py:588} INFO - Filling up the DagBag from /opt/airflow/dags/hello_world.py
[2024-10-06T04:16:50.476+0000] {processor.py:925} INFO - DAG(s) 'hello_world_marcell' retrieved from /opt/airflow/dags/hello_world.py
[2024-10-06T04:16:50.571+0000] {logging_mixin.py:190} INFO - [2024-10-06T04:16:50.570+0000] {override.py:1900} INFO - Created Permission View: can delete on DAG:hello_world_marcell
[2024-10-06T04:16:50.581+0000] {logging_mixin.py:190} INFO - [2024-10-06T04:16:50.581+0000] {override.py:1900} INFO - Created Permission View: can edit on DAG:hello_world_marcell
[2024-10-06T04:16:50.592+0000] {logging_mixin.py:190} INFO - [2024-10-06T04:16:50.592+0000] {override.py:1900} INFO - Created Permission View: can read on DAG:hello_world_marcell
[2024-10-06T04:16:50.606+0000] {logging_mixin.py:190} INFO - [2024-10-06T04:16:50.606+0000] {override.py:1900} INFO - Created Permission View: can create on DAG Run:hello_world_marcell
[2024-10-06T04:16:50.615+0000] {logging_mixin.py:190} INFO - [2024-10-06T04:16:50.614+0000] {override.py:1900} INFO - Created Permission View: can delete on DAG Run:hello_world_marcell
[2024-10-06T04:16:50.625+0000] {logging_mixin.py:190} INFO - [2024-10-06T04:16:50.625+0000] {override.py:1900} INFO - Created Permission View: can read on DAG Run:hello_world_marcell
[2024-10-06T04:16:50.635+0000] {logging_mixin.py:190} INFO - [2024-10-06T04:16:50.635+0000] {override.py:1900} INFO - Created Permission View: menu access on DAG Run:hello_world_marcell
[2024-10-06T04:16:50.635+0000] {logging_mixin.py:190} INFO - [2024-10-06T04:16:50.635+0000] {dag.py:3239} INFO - Sync 1 DAGs
[2024-10-06T04:16:50.645+0000] {logging_mixin.py:190} INFO - [2024-10-06T04:16:50.645+0000] {dag.py:3262} INFO - Creating ORM DAG for hello_world_marcell
[2024-10-06T04:16:50.652+0000] {logging_mixin.py:190} INFO - [2024-10-06T04:16:50.652+0000] {dag.py:4180} INFO - Setting next_dagrun for hello_world_marcell to 2024-10-06 00:00:00+00:00, run_after=2024-10-07 00:00:00+00:00
[2024-10-06T04:16:50.669+0000] {processor.py:208} INFO - Processing /opt/airflow/dags/hello_world.py took 0.206 seconds
[2024-10-06T04:17:20.698+0000] {processor.py:186} INFO - Started process (PID=743) to work on /opt/airflow/dags/hello_world.py
[2024-10-06T04:17:20.698+0000] {processor.py:914} INFO - Processing file /opt/airflow/dags/hello_world.py for tasks to queue
[2024-10-06T04:17:20.700+0000] {logging_mixin.py:190} INFO - [2024-10-06T04:17:20.700+0000] {dagbag.py:588} INFO - Filling up the DagBag from /opt/airflow/dags/hello_world.py
[2024-10-06T04:17:20.707+0000] {processor.py:925} INFO - DAG(s) 'hello_world_marcell' retrieved from /opt/airflow/dags/hello_world.py
[2024-10-06T04:17:20.720+0000] {logging_mixin.py:190} INFO - [2024-10-06T04:17:20.720+0000] {dag.py:3239} INFO - Sync 1 DAGs
[2024-10-06T04:17:20.739+0000] {logging_mixin.py:190} INFO - [2024-10-06T04:17:20.738+0000] {dag.py:4180} INFO - Setting next_dagrun for hello_world_marcell to 2024-10-06 00:00:00+00:00, run_after=2024-10-07 00:00:00+00:00
[2024-10-06T04:17:20.766+0000] {processor.py:208} INFO - Processing /opt/airflow/dags/hello_world.py took 0.073 seconds
[2024-10-06T04:17:51.177+0000] {processor.py:186} INFO - Started process (PID=806) to work on /opt/airflow/dags/hello_world.py
[2024-10-06T04:17:51.178+0000] {processor.py:914} INFO - Processing file /opt/airflow/dags/hello_world.py for tasks to queue
[2024-10-06T04:17:51.180+0000] {logging_mixin.py:190} INFO - [2024-10-06T04:17:51.179+0000] {dagbag.py:588} INFO - Filling up the DagBag from /opt/airflow/dags/hello_world.py
[2024-10-06T04:17:51.186+0000] {processor.py:925} INFO - DAG(s) 'hello_world_marcell' retrieved from /opt/airflow/dags/hello_world.py
[2024-10-06T04:17:51.200+0000] {logging_mixin.py:190} INFO - [2024-10-06T04:17:51.200+0000] {dag.py:3239} INFO - Sync 1 DAGs
[2024-10-06T04:17:51.218+0000] {logging_mixin.py:190} INFO - [2024-10-06T04:17:51.218+0000] {dag.py:4180} INFO - Setting next_dagrun for hello_world_marcell to 2024-10-06 00:00:00+00:00, run_after=2024-10-07 00:00:00+00:00
[2024-10-06T04:17:51.254+0000] {processor.py:208} INFO - Processing /opt/airflow/dags/hello_world.py took 0.081 seconds
[2024-10-06T04:18:21.604+0000] {processor.py:186} INFO - Started process (PID=869) to work on /opt/airflow/dags/hello_world.py
[2024-10-06T04:18:21.605+0000] {processor.py:914} INFO - Processing file /opt/airflow/dags/hello_world.py for tasks to queue
[2024-10-06T04:18:21.607+0000] {logging_mixin.py:190} INFO - [2024-10-06T04:18:21.607+0000] {dagbag.py:588} INFO - Filling up the DagBag from /opt/airflow/dags/hello_world.py
[2024-10-06T04:18:21.616+0000] {processor.py:925} INFO - DAG(s) 'hello_world_marcell' retrieved from /opt/airflow/dags/hello_world.py
[2024-10-06T04:18:21.635+0000] {logging_mixin.py:190} INFO - [2024-10-06T04:18:21.635+0000] {dag.py:3239} INFO - Sync 1 DAGs
[2024-10-06T04:18:21.655+0000] {logging_mixin.py:190} INFO - [2024-10-06T04:18:21.655+0000] {dag.py:4180} INFO - Setting next_dagrun for hello_world_marcell to 2024-10-06 00:00:00+00:00, run_after=2024-10-07 00:00:00+00:00
[2024-10-06T04:18:21.673+0000] {processor.py:208} INFO - Processing /opt/airflow/dags/hello_world.py took 0.076 seconds
[2024-10-06T04:18:52.157+0000] {processor.py:186} INFO - Started process (PID=938) to work on /opt/airflow/dags/hello_world.py
[2024-10-06T04:18:52.158+0000] {processor.py:914} INFO - Processing file /opt/airflow/dags/hello_world.py for tasks to queue
[2024-10-06T04:18:52.160+0000] {logging_mixin.py:190} INFO - [2024-10-06T04:18:52.159+0000] {dagbag.py:588} INFO - Filling up the DagBag from /opt/airflow/dags/hello_world.py
[2024-10-06T04:18:52.167+0000] {processor.py:925} INFO - DAG(s) 'hello_world_marcell' retrieved from /opt/airflow/dags/hello_world.py
[2024-10-06T04:18:52.183+0000] {logging_mixin.py:190} INFO - [2024-10-06T04:18:52.182+0000] {dag.py:3239} INFO - Sync 1 DAGs
[2024-10-06T04:18:52.209+0000] {logging_mixin.py:190} INFO - [2024-10-06T04:18:52.209+0000] {dag.py:4180} INFO - Setting next_dagrun for hello_world_marcell to 2024-10-06 00:00:00+00:00, run_after=2024-10-07 00:00:00+00:00
[2024-10-06T04:18:52.239+0000] {processor.py:208} INFO - Processing /opt/airflow/dags/hello_world.py took 0.088 seconds
[2024-10-06T04:19:22.514+0000] {processor.py:186} INFO - Started process (PID=1002) to work on /opt/airflow/dags/hello_world.py
[2024-10-06T04:19:22.515+0000] {processor.py:914} INFO - Processing file /opt/airflow/dags/hello_world.py for tasks to queue
[2024-10-06T04:19:22.517+0000] {logging_mixin.py:190} INFO - [2024-10-06T04:19:22.516+0000] {dagbag.py:588} INFO - Filling up the DagBag from /opt/airflow/dags/hello_world.py
[2024-10-06T04:19:22.523+0000] {processor.py:925} INFO - DAG(s) 'hello_world_marcell' retrieved from /opt/airflow/dags/hello_world.py
[2024-10-06T04:19:22.537+0000] {logging_mixin.py:190} INFO - [2024-10-06T04:19:22.537+0000] {dag.py:3239} INFO - Sync 1 DAGs
[2024-10-06T04:19:22.556+0000] {logging_mixin.py:190} INFO - [2024-10-06T04:19:22.555+0000] {dag.py:4180} INFO - Setting next_dagrun for hello_world_marcell to 2024-10-06 00:00:00+00:00, run_after=2024-10-07 00:00:00+00:00
[2024-10-06T04:19:22.573+0000] {processor.py:208} INFO - Processing /opt/airflow/dags/hello_world.py took 0.063 seconds
[2024-10-06T04:19:52.888+0000] {processor.py:186} INFO - Started process (PID=1065) to work on /opt/airflow/dags/hello_world.py
[2024-10-06T04:19:52.889+0000] {processor.py:914} INFO - Processing file /opt/airflow/dags/hello_world.py for tasks to queue
[2024-10-06T04:19:52.891+0000] {logging_mixin.py:190} INFO - [2024-10-06T04:19:52.890+0000] {dagbag.py:588} INFO - Filling up the DagBag from /opt/airflow/dags/hello_world.py
[2024-10-06T04:19:52.898+0000] {processor.py:925} INFO - DAG(s) 'hello_world_marcell' retrieved from /opt/airflow/dags/hello_world.py
[2024-10-06T04:19:52.913+0000] {logging_mixin.py:190} INFO - [2024-10-06T04:19:52.913+0000] {dag.py:3239} INFO - Sync 1 DAGs
[2024-10-06T04:19:52.932+0000] {logging_mixin.py:190} INFO - [2024-10-06T04:19:52.932+0000] {dag.py:4180} INFO - Setting next_dagrun for hello_world_marcell to 2024-10-06 00:00:00+00:00, run_after=2024-10-07 00:00:00+00:00
[2024-10-06T04:19:52.957+0000] {processor.py:208} INFO - Processing /opt/airflow/dags/hello_world.py took 0.074 seconds
[2024-10-06T04:20:23.377+0000] {processor.py:186} INFO - Started process (PID=1129) to work on /opt/airflow/dags/hello_world.py
[2024-10-06T04:20:23.377+0000] {processor.py:914} INFO - Processing file /opt/airflow/dags/hello_world.py for tasks to queue
[2024-10-06T04:20:23.379+0000] {logging_mixin.py:190} INFO - [2024-10-06T04:20:23.379+0000] {dagbag.py:588} INFO - Filling up the DagBag from /opt/airflow/dags/hello_world.py
[2024-10-06T04:20:23.385+0000] {processor.py:925} INFO - DAG(s) 'hello_world_marcell' retrieved from /opt/airflow/dags/hello_world.py
[2024-10-06T04:20:23.400+0000] {logging_mixin.py:190} INFO - [2024-10-06T04:20:23.399+0000] {dag.py:3239} INFO - Sync 1 DAGs
[2024-10-06T04:20:23.419+0000] {logging_mixin.py:190} INFO - [2024-10-06T04:20:23.419+0000] {dag.py:4180} INFO - Setting next_dagrun for hello_world_marcell to 2024-10-06 00:00:00+00:00, run_after=2024-10-07 00:00:00+00:00
[2024-10-06T04:20:23.440+0000] {processor.py:208} INFO - Processing /opt/airflow/dags/hello_world.py took 0.069 seconds
[2024-10-06T04:20:53.605+0000] {processor.py:186} INFO - Started process (PID=1192) to work on /opt/airflow/dags/hello_world.py
[2024-10-06T04:20:53.605+0000] {processor.py:914} INFO - Processing file /opt/airflow/dags/hello_world.py for tasks to queue
[2024-10-06T04:20:53.607+0000] {logging_mixin.py:190} INFO - [2024-10-06T04:20:53.607+0000] {dagbag.py:588} INFO - Filling up the DagBag from /opt/airflow/dags/hello_world.py
[2024-10-06T04:20:53.613+0000] {processor.py:925} INFO - DAG(s) 'hello_world_marcell' retrieved from /opt/airflow/dags/hello_world.py
[2024-10-06T04:20:53.626+0000] {logging_mixin.py:190} INFO - [2024-10-06T04:20:53.626+0000] {dag.py:3239} INFO - Sync 1 DAGs
[2024-10-06T04:20:53.644+0000] {logging_mixin.py:190} INFO - [2024-10-06T04:20:53.644+0000] {dag.py:4180} INFO - Setting next_dagrun for hello_world_marcell to 2024-10-06 00:00:00+00:00, run_after=2024-10-07 00:00:00+00:00
[2024-10-06T04:20:53.661+0000] {processor.py:208} INFO - Processing /opt/airflow/dags/hello_world.py took 0.061 seconds
[2024-10-06T04:21:23.981+0000] {processor.py:186} INFO - Started process (PID=1255) to work on /opt/airflow/dags/hello_world.py
[2024-10-06T04:21:23.982+0000] {processor.py:914} INFO - Processing file /opt/airflow/dags/hello_world.py for tasks to queue
[2024-10-06T04:21:23.984+0000] {logging_mixin.py:190} INFO - [2024-10-06T04:21:23.983+0000] {dagbag.py:588} INFO - Filling up the DagBag from /opt/airflow/dags/hello_world.py
[2024-10-06T04:21:23.990+0000] {processor.py:925} INFO - DAG(s) 'hello_world_marcell' retrieved from /opt/airflow/dags/hello_world.py
[2024-10-06T04:21:24.003+0000] {logging_mixin.py:190} INFO - [2024-10-06T04:21:24.003+0000] {dag.py:3239} INFO - Sync 1 DAGs
[2024-10-06T04:21:24.021+0000] {logging_mixin.py:190} INFO - [2024-10-06T04:21:24.021+0000] {dag.py:4180} INFO - Setting next_dagrun for hello_world_marcell to 2024-10-06 00:00:00+00:00, run_after=2024-10-07 00:00:00+00:00
[2024-10-06T04:21:24.039+0000] {processor.py:208} INFO - Processing /opt/airflow/dags/hello_world.py took 0.061 seconds
[2024-10-06T04:21:54.451+0000] {processor.py:186} INFO - Started process (PID=1318) to work on /opt/airflow/dags/hello_world.py
[2024-10-06T04:21:54.452+0000] {processor.py:914} INFO - Processing file /opt/airflow/dags/hello_world.py for tasks to queue
[2024-10-06T04:21:54.453+0000] {logging_mixin.py:190} INFO - [2024-10-06T04:21:54.453+0000] {dagbag.py:588} INFO - Filling up the DagBag from /opt/airflow/dags/hello_world.py
[2024-10-06T04:21:54.460+0000] {processor.py:925} INFO - DAG(s) 'hello_world_marcell' retrieved from /opt/airflow/dags/hello_world.py
[2024-10-06T04:21:54.473+0000] {logging_mixin.py:190} INFO - [2024-10-06T04:21:54.473+0000] {dag.py:3239} INFO - Sync 1 DAGs
[2024-10-06T04:21:54.491+0000] {logging_mixin.py:190} INFO - [2024-10-06T04:21:54.491+0000] {dag.py:4180} INFO - Setting next_dagrun for hello_world_marcell to 2024-10-06 00:00:00+00:00, run_after=2024-10-07 00:00:00+00:00
[2024-10-06T04:21:54.509+0000] {processor.py:208} INFO - Processing /opt/airflow/dags/hello_world.py took 0.062 seconds
[2024-10-06T04:22:24.997+0000] {processor.py:186} INFO - Started process (PID=1381) to work on /opt/airflow/dags/hello_world.py
[2024-10-06T04:22:24.998+0000] {processor.py:914} INFO - Processing file /opt/airflow/dags/hello_world.py for tasks to queue
[2024-10-06T04:22:24.999+0000] {logging_mixin.py:190} INFO - [2024-10-06T04:22:24.999+0000] {dagbag.py:588} INFO - Filling up the DagBag from /opt/airflow/dags/hello_world.py
[2024-10-06T04:22:25.005+0000] {processor.py:925} INFO - DAG(s) 'hello_world_marcell' retrieved from /opt/airflow/dags/hello_world.py
[2024-10-06T04:22:25.018+0000] {logging_mixin.py:190} INFO - [2024-10-06T04:22:25.018+0000] {dag.py:3239} INFO - Sync 1 DAGs
[2024-10-06T04:22:25.037+0000] {logging_mixin.py:190} INFO - [2024-10-06T04:22:25.036+0000] {dag.py:4180} INFO - Setting next_dagrun for hello_world_marcell to 2024-10-06 00:00:00+00:00, run_after=2024-10-07 00:00:00+00:00
[2024-10-06T04:22:25.056+0000] {processor.py:208} INFO - Processing /opt/airflow/dags/hello_world.py took 0.063 seconds
[2024-10-06T04:22:55.465+0000] {processor.py:186} INFO - Started process (PID=1444) to work on /opt/airflow/dags/hello_world.py
[2024-10-06T04:22:55.466+0000] {processor.py:914} INFO - Processing file /opt/airflow/dags/hello_world.py for tasks to queue
[2024-10-06T04:22:55.468+0000] {logging_mixin.py:190} INFO - [2024-10-06T04:22:55.467+0000] {dagbag.py:588} INFO - Filling up the DagBag from /opt/airflow/dags/hello_world.py
[2024-10-06T04:22:55.474+0000] {processor.py:925} INFO - DAG(s) 'hello_world_marcell' retrieved from /opt/airflow/dags/hello_world.py
[2024-10-06T04:22:55.487+0000] {logging_mixin.py:190} INFO - [2024-10-06T04:22:55.487+0000] {dag.py:3239} INFO - Sync 1 DAGs
[2024-10-06T04:22:55.504+0000] {logging_mixin.py:190} INFO - [2024-10-06T04:22:55.504+0000] {dag.py:4180} INFO - Setting next_dagrun for hello_world_marcell to 2024-10-06 00:00:00+00:00, run_after=2024-10-07 00:00:00+00:00
[2024-10-06T04:22:55.524+0000] {processor.py:208} INFO - Processing /opt/airflow/dags/hello_world.py took 0.063 seconds
[2024-10-06T04:23:25.710+0000] {processor.py:186} INFO - Started process (PID=1507) to work on /opt/airflow/dags/hello_world.py
[2024-10-06T04:23:25.710+0000] {processor.py:914} INFO - Processing file /opt/airflow/dags/hello_world.py for tasks to queue
[2024-10-06T04:23:25.712+0000] {logging_mixin.py:190} INFO - [2024-10-06T04:23:25.712+0000] {dagbag.py:588} INFO - Filling up the DagBag from /opt/airflow/dags/hello_world.py
[2024-10-06T04:23:25.718+0000] {processor.py:925} INFO - DAG(s) 'hello_world_marcell' retrieved from /opt/airflow/dags/hello_world.py
[2024-10-06T04:23:25.732+0000] {logging_mixin.py:190} INFO - [2024-10-06T04:23:25.732+0000] {dag.py:3239} INFO - Sync 1 DAGs
[2024-10-06T04:23:25.751+0000] {logging_mixin.py:190} INFO - [2024-10-06T04:23:25.751+0000] {dag.py:4180} INFO - Setting next_dagrun for hello_world_marcell to 2024-10-06 00:00:00+00:00, run_after=2024-10-07 00:00:00+00:00
[2024-10-06T04:23:25.768+0000] {processor.py:208} INFO - Processing /opt/airflow/dags/hello_world.py took 0.064 seconds
[2024-10-06T04:23:55.969+0000] {processor.py:186} INFO - Started process (PID=1571) to work on /opt/airflow/dags/hello_world.py
[2024-10-06T04:23:55.969+0000] {processor.py:914} INFO - Processing file /opt/airflow/dags/hello_world.py for tasks to queue
[2024-10-06T04:23:55.971+0000] {logging_mixin.py:190} INFO - [2024-10-06T04:23:55.971+0000] {dagbag.py:588} INFO - Filling up the DagBag from /opt/airflow/dags/hello_world.py
[2024-10-06T04:23:55.977+0000] {processor.py:925} INFO - DAG(s) 'hello_world_marcell' retrieved from /opt/airflow/dags/hello_world.py
[2024-10-06T04:23:55.991+0000] {logging_mixin.py:190} INFO - [2024-10-06T04:23:55.990+0000] {dag.py:3239} INFO - Sync 1 DAGs
[2024-10-06T04:23:56.009+0000] {logging_mixin.py:190} INFO - [2024-10-06T04:23:56.008+0000] {dag.py:4180} INFO - Setting next_dagrun for hello_world_marcell to 2024-10-06 00:00:00+00:00, run_after=2024-10-07 00:00:00+00:00
[2024-10-06T04:23:56.027+0000] {processor.py:208} INFO - Processing /opt/airflow/dags/hello_world.py took 0.063 seconds
[2024-10-06T04:24:26.298+0000] {processor.py:186} INFO - Started process (PID=1634) to work on /opt/airflow/dags/hello_world.py
[2024-10-06T04:24:26.299+0000] {processor.py:914} INFO - Processing file /opt/airflow/dags/hello_world.py for tasks to queue
[2024-10-06T04:24:26.300+0000] {logging_mixin.py:190} INFO - [2024-10-06T04:24:26.300+0000] {dagbag.py:588} INFO - Filling up the DagBag from /opt/airflow/dags/hello_world.py
[2024-10-06T04:24:26.307+0000] {processor.py:925} INFO - DAG(s) 'hello_world_marcell' retrieved from /opt/airflow/dags/hello_world.py
[2024-10-06T04:24:26.320+0000] {logging_mixin.py:190} INFO - [2024-10-06T04:24:26.320+0000] {dag.py:3239} INFO - Sync 1 DAGs
[2024-10-06T04:24:26.339+0000] {logging_mixin.py:190} INFO - [2024-10-06T04:24:26.338+0000] {dag.py:4180} INFO - Setting next_dagrun for hello_world_marcell to 2024-10-06 00:00:00+00:00, run_after=2024-10-07 00:00:00+00:00
[2024-10-06T04:24:26.357+0000] {processor.py:208} INFO - Processing /opt/airflow/dags/hello_world.py took 0.063 seconds
[2024-10-06T04:24:56.757+0000] {processor.py:186} INFO - Started process (PID=1697) to work on /opt/airflow/dags/hello_world.py
[2024-10-06T04:24:56.758+0000] {processor.py:914} INFO - Processing file /opt/airflow/dags/hello_world.py for tasks to queue
[2024-10-06T04:24:56.760+0000] {logging_mixin.py:190} INFO - [2024-10-06T04:24:56.759+0000] {dagbag.py:588} INFO - Filling up the DagBag from /opt/airflow/dags/hello_world.py
[2024-10-06T04:24:56.766+0000] {processor.py:925} INFO - DAG(s) 'hello_world_marcell' retrieved from /opt/airflow/dags/hello_world.py
[2024-10-06T04:24:56.779+0000] {logging_mixin.py:190} INFO - [2024-10-06T04:24:56.779+0000] {dag.py:3239} INFO - Sync 1 DAGs
[2024-10-06T04:24:56.798+0000] {logging_mixin.py:190} INFO - [2024-10-06T04:24:56.798+0000] {dag.py:4180} INFO - Setting next_dagrun for hello_world_marcell to 2024-10-06 00:00:00+00:00, run_after=2024-10-07 00:00:00+00:00
[2024-10-06T04:24:56.816+0000] {processor.py:208} INFO - Processing /opt/airflow/dags/hello_world.py took 0.063 seconds
[2024-10-06T04:25:16.159+0000] {processor.py:186} INFO - Started process (PID=1754) to work on /opt/airflow/dags/hello_world.py
[2024-10-06T04:25:16.159+0000] {processor.py:914} INFO - Processing file /opt/airflow/dags/hello_world.py for tasks to queue
[2024-10-06T04:25:16.161+0000] {logging_mixin.py:190} INFO - [2024-10-06T04:25:16.161+0000] {dagbag.py:588} INFO - Filling up the DagBag from /opt/airflow/dags/hello_world.py
[2024-10-06T04:25:16.168+0000] {processor.py:925} INFO - DAG(s) 'hello_world_marcell' retrieved from /opt/airflow/dags/hello_world.py
[2024-10-06T04:25:16.181+0000] {logging_mixin.py:190} INFO - [2024-10-06T04:25:16.181+0000] {dag.py:3239} INFO - Sync 1 DAGs
[2024-10-06T04:25:16.199+0000] {logging_mixin.py:190} INFO - [2024-10-06T04:25:16.199+0000] {dag.py:4180} INFO - Setting next_dagrun for hello_world_marcell to 2024-10-06 00:00:00+00:00, run_after=2024-10-07 00:00:00+00:00
[2024-10-06T04:25:16.221+0000] {processor.py:208} INFO - Processing /opt/airflow/dags/hello_world.py took 0.067 seconds
[2024-10-06T04:25:46.740+0000] {processor.py:186} INFO - Started process (PID=1818) to work on /opt/airflow/dags/hello_world.py
[2024-10-06T04:25:46.740+0000] {processor.py:914} INFO - Processing file /opt/airflow/dags/hello_world.py for tasks to queue
[2024-10-06T04:25:46.742+0000] {logging_mixin.py:190} INFO - [2024-10-06T04:25:46.742+0000] {dagbag.py:588} INFO - Filling up the DagBag from /opt/airflow/dags/hello_world.py
[2024-10-06T04:25:46.748+0000] {processor.py:925} INFO - DAG(s) 'hello_world_marcell' retrieved from /opt/airflow/dags/hello_world.py
[2024-10-06T04:25:46.762+0000] {logging_mixin.py:190} INFO - [2024-10-06T04:25:46.762+0000] {dag.py:3239} INFO - Sync 1 DAGs
[2024-10-06T04:25:46.781+0000] {logging_mixin.py:190} INFO - [2024-10-06T04:25:46.780+0000] {dag.py:4180} INFO - Setting next_dagrun for hello_world_marcell to 2024-10-06 00:00:00+00:00, run_after=2024-10-07 00:00:00+00:00
[2024-10-06T04:25:46.810+0000] {processor.py:208} INFO - Processing /opt/airflow/dags/hello_world.py took 0.075 seconds
[2024-10-06T04:26:17.240+0000] {processor.py:186} INFO - Started process (PID=1881) to work on /opt/airflow/dags/hello_world.py
[2024-10-06T04:26:17.241+0000] {processor.py:914} INFO - Processing file /opt/airflow/dags/hello_world.py for tasks to queue
[2024-10-06T04:26:17.243+0000] {logging_mixin.py:190} INFO - [2024-10-06T04:26:17.242+0000] {dagbag.py:588} INFO - Filling up the DagBag from /opt/airflow/dags/hello_world.py
[2024-10-06T04:26:17.249+0000] {processor.py:925} INFO - DAG(s) 'hello_world_marcell' retrieved from /opt/airflow/dags/hello_world.py
[2024-10-06T04:26:17.262+0000] {logging_mixin.py:190} INFO - [2024-10-06T04:26:17.262+0000] {dag.py:3239} INFO - Sync 1 DAGs
[2024-10-06T04:26:17.280+0000] {logging_mixin.py:190} INFO - [2024-10-06T04:26:17.280+0000] {dag.py:4180} INFO - Setting next_dagrun for hello_world_marcell to 2024-10-06 00:00:00+00:00, run_after=2024-10-07 00:00:00+00:00
[2024-10-06T04:26:17.300+0000] {processor.py:208} INFO - Processing /opt/airflow/dags/hello_world.py took 0.064 seconds
[2024-10-06T04:26:47.744+0000] {processor.py:186} INFO - Started process (PID=1944) to work on /opt/airflow/dags/hello_world.py
[2024-10-06T04:26:47.745+0000] {processor.py:914} INFO - Processing file /opt/airflow/dags/hello_world.py for tasks to queue
[2024-10-06T04:26:47.747+0000] {logging_mixin.py:190} INFO - [2024-10-06T04:26:47.747+0000] {dagbag.py:588} INFO - Filling up the DagBag from /opt/airflow/dags/hello_world.py
[2024-10-06T04:26:47.753+0000] {processor.py:925} INFO - DAG(s) 'hello_world_marcell' retrieved from /opt/airflow/dags/hello_world.py
[2024-10-06T04:26:47.767+0000] {logging_mixin.py:190} INFO - [2024-10-06T04:26:47.766+0000] {dag.py:3239} INFO - Sync 1 DAGs
[2024-10-06T04:26:47.785+0000] {logging_mixin.py:190} INFO - [2024-10-06T04:26:47.785+0000] {dag.py:4180} INFO - Setting next_dagrun for hello_world_marcell to 2024-10-06 00:00:00+00:00, run_after=2024-10-07 00:00:00+00:00
[2024-10-06T04:26:47.805+0000] {processor.py:208} INFO - Processing /opt/airflow/dags/hello_world.py took 0.066 seconds
[2024-10-06T04:27:18.154+0000] {processor.py:186} INFO - Started process (PID=2007) to work on /opt/airflow/dags/hello_world.py
[2024-10-06T04:27:18.155+0000] {processor.py:914} INFO - Processing file /opt/airflow/dags/hello_world.py for tasks to queue
[2024-10-06T04:27:18.157+0000] {logging_mixin.py:190} INFO - [2024-10-06T04:27:18.156+0000] {dagbag.py:588} INFO - Filling up the DagBag from /opt/airflow/dags/hello_world.py
[2024-10-06T04:27:18.163+0000] {processor.py:925} INFO - DAG(s) 'hello_world_marcell' retrieved from /opt/airflow/dags/hello_world.py
[2024-10-06T04:27:18.176+0000] {logging_mixin.py:190} INFO - [2024-10-06T04:27:18.176+0000] {dag.py:3239} INFO - Sync 1 DAGs
[2024-10-06T04:27:18.194+0000] {logging_mixin.py:190} INFO - [2024-10-06T04:27:18.194+0000] {dag.py:4180} INFO - Setting next_dagrun for hello_world_marcell to 2024-10-06 00:00:00+00:00, run_after=2024-10-07 00:00:00+00:00
[2024-10-06T04:27:18.213+0000] {processor.py:208} INFO - Processing /opt/airflow/dags/hello_world.py took 0.063 seconds
[2024-10-06T04:27:48.532+0000] {processor.py:186} INFO - Started process (PID=2070) to work on /opt/airflow/dags/hello_world.py
[2024-10-06T04:27:48.533+0000] {processor.py:914} INFO - Processing file /opt/airflow/dags/hello_world.py for tasks to queue
[2024-10-06T04:27:48.534+0000] {logging_mixin.py:190} INFO - [2024-10-06T04:27:48.534+0000] {dagbag.py:588} INFO - Filling up the DagBag from /opt/airflow/dags/hello_world.py
[2024-10-06T04:27:48.541+0000] {processor.py:925} INFO - DAG(s) 'hello_world_marcell' retrieved from /opt/airflow/dags/hello_world.py
[2024-10-06T04:27:48.554+0000] {logging_mixin.py:190} INFO - [2024-10-06T04:27:48.554+0000] {dag.py:3239} INFO - Sync 1 DAGs
[2024-10-06T04:27:48.572+0000] {logging_mixin.py:190} INFO - [2024-10-06T04:27:48.572+0000] {dag.py:4180} INFO - Setting next_dagrun for hello_world_marcell to 2024-10-06 00:00:00+00:00, run_after=2024-10-07 00:00:00+00:00
[2024-10-06T04:27:48.590+0000] {processor.py:208} INFO - Processing /opt/airflow/dags/hello_world.py took 0.062 seconds
[2024-10-06T04:28:19.194+0000] {processor.py:186} INFO - Started process (PID=2134) to work on /opt/airflow/dags/hello_world.py
[2024-10-06T04:28:19.194+0000] {processor.py:914} INFO - Processing file /opt/airflow/dags/hello_world.py for tasks to queue
[2024-10-06T04:28:19.196+0000] {logging_mixin.py:190} INFO - [2024-10-06T04:28:19.196+0000] {dagbag.py:588} INFO - Filling up the DagBag from /opt/airflow/dags/hello_world.py
[2024-10-06T04:28:19.202+0000] {processor.py:925} INFO - DAG(s) 'hello_world_marcell' retrieved from /opt/airflow/dags/hello_world.py
[2024-10-06T04:28:19.216+0000] {logging_mixin.py:190} INFO - [2024-10-06T04:28:19.216+0000] {dag.py:3239} INFO - Sync 1 DAGs
[2024-10-06T04:28:19.234+0000] {logging_mixin.py:190} INFO - [2024-10-06T04:28:19.234+0000] {dag.py:4180} INFO - Setting next_dagrun for hello_world_marcell to 2024-10-06 00:00:00+00:00, run_after=2024-10-07 00:00:00+00:00
[2024-10-06T04:28:19.252+0000] {processor.py:208} INFO - Processing /opt/airflow/dags/hello_world.py took 0.063 seconds
[2024-10-06T04:28:49.656+0000] {processor.py:186} INFO - Started process (PID=2198) to work on /opt/airflow/dags/hello_world.py
[2024-10-06T04:28:49.657+0000] {processor.py:914} INFO - Processing file /opt/airflow/dags/hello_world.py for tasks to queue
[2024-10-06T04:28:49.659+0000] {logging_mixin.py:190} INFO - [2024-10-06T04:28:49.658+0000] {dagbag.py:588} INFO - Filling up the DagBag from /opt/airflow/dags/hello_world.py
[2024-10-06T04:28:49.665+0000] {processor.py:925} INFO - DAG(s) 'hello_world_marcell' retrieved from /opt/airflow/dags/hello_world.py
[2024-10-06T04:28:49.678+0000] {logging_mixin.py:190} INFO - [2024-10-06T04:28:49.678+0000] {dag.py:3239} INFO - Sync 1 DAGs
[2024-10-06T04:28:49.696+0000] {logging_mixin.py:190} INFO - [2024-10-06T04:28:49.696+0000] {dag.py:4180} INFO - Setting next_dagrun for hello_world_marcell to 2024-10-06 00:00:00+00:00, run_after=2024-10-07 00:00:00+00:00
[2024-10-06T04:28:49.715+0000] {processor.py:208} INFO - Processing /opt/airflow/dags/hello_world.py took 0.063 seconds
[2024-10-06T04:29:20.036+0000] {processor.py:186} INFO - Started process (PID=2261) to work on /opt/airflow/dags/hello_world.py
[2024-10-06T04:29:20.037+0000] {processor.py:914} INFO - Processing file /opt/airflow/dags/hello_world.py for tasks to queue
[2024-10-06T04:29:20.039+0000] {logging_mixin.py:190} INFO - [2024-10-06T04:29:20.038+0000] {dagbag.py:588} INFO - Filling up the DagBag from /opt/airflow/dags/hello_world.py
[2024-10-06T04:29:20.045+0000] {processor.py:925} INFO - DAG(s) 'hello_world_marcell' retrieved from /opt/airflow/dags/hello_world.py
[2024-10-06T04:29:20.061+0000] {logging_mixin.py:190} INFO - [2024-10-06T04:29:20.061+0000] {dag.py:3239} INFO - Sync 1 DAGs
[2024-10-06T04:29:20.080+0000] {logging_mixin.py:190} INFO - [2024-10-06T04:29:20.079+0000] {dag.py:4180} INFO - Setting next_dagrun for hello_world_marcell to 2024-10-06 00:00:00+00:00, run_after=2024-10-07 00:00:00+00:00
[2024-10-06T04:29:20.097+0000] {processor.py:208} INFO - Processing /opt/airflow/dags/hello_world.py took 0.065 seconds
[2024-10-06T04:29:51.114+0000] {processor.py:186} INFO - Started process (PID=2325) to work on /opt/airflow/dags/hello_world.py
[2024-10-06T04:29:51.115+0000] {processor.py:914} INFO - Processing file /opt/airflow/dags/hello_world.py for tasks to queue
[2024-10-06T04:29:51.116+0000] {logging_mixin.py:190} INFO - [2024-10-06T04:29:51.116+0000] {dagbag.py:588} INFO - Filling up the DagBag from /opt/airflow/dags/hello_world.py
[2024-10-06T04:29:51.123+0000] {processor.py:925} INFO - DAG(s) 'hello_world_marcell' retrieved from /opt/airflow/dags/hello_world.py
[2024-10-06T04:29:51.136+0000] {logging_mixin.py:190} INFO - [2024-10-06T04:29:51.136+0000] {dag.py:3239} INFO - Sync 1 DAGs
[2024-10-06T04:29:51.154+0000] {logging_mixin.py:190} INFO - [2024-10-06T04:29:51.154+0000] {dag.py:4180} INFO - Setting next_dagrun for hello_world_marcell to 2024-10-06 00:00:00+00:00, run_after=2024-10-07 00:00:00+00:00
[2024-10-06T04:29:51.172+0000] {processor.py:208} INFO - Processing /opt/airflow/dags/hello_world.py took 0.062 seconds
[2024-10-06T04:30:21.584+0000] {processor.py:186} INFO - Started process (PID=2388) to work on /opt/airflow/dags/hello_world.py
[2024-10-06T04:30:21.584+0000] {processor.py:914} INFO - Processing file /opt/airflow/dags/hello_world.py for tasks to queue
[2024-10-06T04:30:21.586+0000] {logging_mixin.py:190} INFO - [2024-10-06T04:30:21.586+0000] {dagbag.py:588} INFO - Filling up the DagBag from /opt/airflow/dags/hello_world.py
[2024-10-06T04:30:21.593+0000] {processor.py:925} INFO - DAG(s) 'hello_world_marcell' retrieved from /opt/airflow/dags/hello_world.py
[2024-10-06T04:30:21.607+0000] {logging_mixin.py:190} INFO - [2024-10-06T04:30:21.607+0000] {dag.py:3239} INFO - Sync 1 DAGs
[2024-10-06T04:30:21.625+0000] {logging_mixin.py:190} INFO - [2024-10-06T04:30:21.625+0000] {dag.py:4180} INFO - Setting next_dagrun for hello_world_marcell to 2024-10-06 00:00:00+00:00, run_after=2024-10-07 00:00:00+00:00
[2024-10-06T04:30:21.643+0000] {processor.py:208} INFO - Processing /opt/airflow/dags/hello_world.py took 0.064 seconds
[2024-10-06T04:30:52.299+0000] {processor.py:186} INFO - Started process (PID=2451) to work on /opt/airflow/dags/hello_world.py
[2024-10-06T04:30:52.300+0000] {processor.py:914} INFO - Processing file /opt/airflow/dags/hello_world.py for tasks to queue
[2024-10-06T04:30:52.301+0000] {logging_mixin.py:190} INFO - [2024-10-06T04:30:52.301+0000] {dagbag.py:588} INFO - Filling up the DagBag from /opt/airflow/dags/hello_world.py
[2024-10-06T04:30:52.310+0000] {processor.py:925} INFO - DAG(s) 'hello_world_marcell' retrieved from /opt/airflow/dags/hello_world.py
[2024-10-06T04:30:52.326+0000] {logging_mixin.py:190} INFO - [2024-10-06T04:30:52.326+0000] {dag.py:3239} INFO - Sync 1 DAGs
[2024-10-06T04:30:52.350+0000] {logging_mixin.py:190} INFO - [2024-10-06T04:30:52.350+0000] {dag.py:4180} INFO - Setting next_dagrun for hello_world_marcell to 2024-10-06 00:00:00+00:00, run_after=2024-10-07 00:00:00+00:00
[2024-10-06T04:30:52.371+0000] {processor.py:208} INFO - Processing /opt/airflow/dags/hello_world.py took 0.076 seconds
[2024-10-06T04:31:22.900+0000] {processor.py:186} INFO - Started process (PID=2514) to work on /opt/airflow/dags/hello_world.py
[2024-10-06T04:31:22.901+0000] {processor.py:914} INFO - Processing file /opt/airflow/dags/hello_world.py for tasks to queue
[2024-10-06T04:31:22.904+0000] {logging_mixin.py:190} INFO - [2024-10-06T04:31:22.904+0000] {dagbag.py:588} INFO - Filling up the DagBag from /opt/airflow/dags/hello_world.py
[2024-10-06T04:31:22.913+0000] {processor.py:925} INFO - DAG(s) 'hello_world_marcell' retrieved from /opt/airflow/dags/hello_world.py
[2024-10-06T04:31:22.932+0000] {logging_mixin.py:190} INFO - [2024-10-06T04:31:22.932+0000] {dag.py:3239} INFO - Sync 1 DAGs
[2024-10-06T04:31:22.959+0000] {logging_mixin.py:190} INFO - [2024-10-06T04:31:22.959+0000] {dag.py:4180} INFO - Setting next_dagrun for hello_world_marcell to 2024-10-06 00:00:00+00:00, run_after=2024-10-07 00:00:00+00:00
[2024-10-06T04:31:22.981+0000] {processor.py:208} INFO - Processing /opt/airflow/dags/hello_world.py took 0.086 seconds
[2024-10-06T04:31:53.630+0000] {processor.py:186} INFO - Started process (PID=2577) to work on /opt/airflow/dags/hello_world.py
[2024-10-06T04:31:53.631+0000] {processor.py:914} INFO - Processing file /opt/airflow/dags/hello_world.py for tasks to queue
[2024-10-06T04:31:53.633+0000] {logging_mixin.py:190} INFO - [2024-10-06T04:31:53.632+0000] {dagbag.py:588} INFO - Filling up the DagBag from /opt/airflow/dags/hello_world.py
[2024-10-06T04:31:53.639+0000] {processor.py:925} INFO - DAG(s) 'hello_world_marcell' retrieved from /opt/airflow/dags/hello_world.py
[2024-10-06T04:31:53.652+0000] {logging_mixin.py:190} INFO - [2024-10-06T04:31:53.652+0000] {dag.py:3239} INFO - Sync 1 DAGs
[2024-10-06T04:31:53.670+0000] {logging_mixin.py:190} INFO - [2024-10-06T04:31:53.670+0000] {dag.py:4180} INFO - Setting next_dagrun for hello_world_marcell to 2024-10-06 00:00:00+00:00, run_after=2024-10-07 00:00:00+00:00
[2024-10-06T04:31:53.688+0000] {processor.py:208} INFO - Processing /opt/airflow/dags/hello_world.py took 0.062 seconds
[2024-10-06T04:32:24.492+0000] {processor.py:186} INFO - Started process (PID=2647) to work on /opt/airflow/dags/hello_world.py
[2024-10-06T04:32:24.492+0000] {processor.py:914} INFO - Processing file /opt/airflow/dags/hello_world.py for tasks to queue
[2024-10-06T04:32:24.494+0000] {logging_mixin.py:190} INFO - [2024-10-06T04:32:24.494+0000] {dagbag.py:588} INFO - Filling up the DagBag from /opt/airflow/dags/hello_world.py
[2024-10-06T04:32:24.501+0000] {processor.py:925} INFO - DAG(s) 'hello_world_marcell' retrieved from /opt/airflow/dags/hello_world.py
[2024-10-06T04:32:24.516+0000] {logging_mixin.py:190} INFO - [2024-10-06T04:32:24.515+0000] {dag.py:3239} INFO - Sync 1 DAGs
[2024-10-06T04:32:24.534+0000] {logging_mixin.py:190} INFO - [2024-10-06T04:32:24.534+0000] {dag.py:4180} INFO - Setting next_dagrun for hello_world_marcell to 2024-10-06 00:00:00+00:00, run_after=2024-10-07 00:00:00+00:00
[2024-10-06T04:32:24.553+0000] {processor.py:208} INFO - Processing /opt/airflow/dags/hello_world.py took 0.066 seconds
[2024-10-06T04:32:55.050+0000] {processor.py:186} INFO - Started process (PID=2710) to work on /opt/airflow/dags/hello_world.py
[2024-10-06T04:32:55.050+0000] {processor.py:914} INFO - Processing file /opt/airflow/dags/hello_world.py for tasks to queue
[2024-10-06T04:32:55.052+0000] {logging_mixin.py:190} INFO - [2024-10-06T04:32:55.052+0000] {dagbag.py:588} INFO - Filling up the DagBag from /opt/airflow/dags/hello_world.py
[2024-10-06T04:32:55.059+0000] {processor.py:925} INFO - DAG(s) 'hello_world_marcell' retrieved from /opt/airflow/dags/hello_world.py
[2024-10-06T04:32:55.072+0000] {logging_mixin.py:190} INFO - [2024-10-06T04:32:55.072+0000] {dag.py:3239} INFO - Sync 1 DAGs
[2024-10-06T04:32:55.090+0000] {logging_mixin.py:190} INFO - [2024-10-06T04:32:55.090+0000] {dag.py:4180} INFO - Setting next_dagrun for hello_world_marcell to 2024-10-06 00:00:00+00:00, run_after=2024-10-07 00:00:00+00:00
[2024-10-06T04:32:55.109+0000] {processor.py:208} INFO - Processing /opt/airflow/dags/hello_world.py took 0.063 seconds
[2024-10-06T04:33:25.782+0000] {processor.py:186} INFO - Started process (PID=2773) to work on /opt/airflow/dags/hello_world.py
[2024-10-06T04:33:25.783+0000] {processor.py:914} INFO - Processing file /opt/airflow/dags/hello_world.py for tasks to queue
[2024-10-06T04:33:25.784+0000] {logging_mixin.py:190} INFO - [2024-10-06T04:33:25.784+0000] {dagbag.py:588} INFO - Filling up the DagBag from /opt/airflow/dags/hello_world.py
[2024-10-06T04:33:25.791+0000] {processor.py:925} INFO - DAG(s) 'hello_world_marcell' retrieved from /opt/airflow/dags/hello_world.py
[2024-10-06T04:33:25.804+0000] {logging_mixin.py:190} INFO - [2024-10-06T04:33:25.804+0000] {dag.py:3239} INFO - Sync 1 DAGs
[2024-10-06T04:33:25.822+0000] {logging_mixin.py:190} INFO - [2024-10-06T04:33:25.822+0000] {dag.py:4180} INFO - Setting next_dagrun for hello_world_marcell to 2024-10-06 00:00:00+00:00, run_after=2024-10-07 00:00:00+00:00
[2024-10-06T04:33:25.838+0000] {processor.py:208} INFO - Processing /opt/airflow/dags/hello_world.py took 0.060 seconds
[2024-10-06T04:33:56.590+0000] {processor.py:186} INFO - Started process (PID=2836) to work on /opt/airflow/dags/hello_world.py
[2024-10-06T04:33:56.590+0000] {processor.py:914} INFO - Processing file /opt/airflow/dags/hello_world.py for tasks to queue
[2024-10-06T04:33:56.592+0000] {logging_mixin.py:190} INFO - [2024-10-06T04:33:56.592+0000] {dagbag.py:588} INFO - Filling up the DagBag from /opt/airflow/dags/hello_world.py
[2024-10-06T04:33:56.599+0000] {processor.py:925} INFO - DAG(s) 'hello_world_marcell' retrieved from /opt/airflow/dags/hello_world.py
[2024-10-06T04:33:56.612+0000] {logging_mixin.py:190} INFO - [2024-10-06T04:33:56.612+0000] {dag.py:3239} INFO - Sync 1 DAGs
[2024-10-06T04:33:56.630+0000] {logging_mixin.py:190} INFO - [2024-10-06T04:33:56.630+0000] {dag.py:4180} INFO - Setting next_dagrun for hello_world_marcell to 2024-10-06 00:00:00+00:00, run_after=2024-10-07 00:00:00+00:00
[2024-10-06T04:33:56.655+0000] {processor.py:208} INFO - Processing /opt/airflow/dags/hello_world.py took 0.069 seconds
[2024-10-06T04:34:26.726+0000] {processor.py:186} INFO - Started process (PID=2899) to work on /opt/airflow/dags/hello_world.py
[2024-10-06T04:34:26.726+0000] {processor.py:914} INFO - Processing file /opt/airflow/dags/hello_world.py for tasks to queue
[2024-10-06T04:34:26.728+0000] {logging_mixin.py:190} INFO - [2024-10-06T04:34:26.727+0000] {dagbag.py:588} INFO - Filling up the DagBag from /opt/airflow/dags/hello_world.py
[2024-10-06T04:34:26.734+0000] {processor.py:925} INFO - DAG(s) 'hello_world_marcell' retrieved from /opt/airflow/dags/hello_world.py
[2024-10-06T04:34:26.748+0000] {logging_mixin.py:190} INFO - [2024-10-06T04:34:26.748+0000] {dag.py:3239} INFO - Sync 1 DAGs
[2024-10-06T04:34:26.767+0000] {logging_mixin.py:190} INFO - [2024-10-06T04:34:26.767+0000] {dag.py:4180} INFO - Setting next_dagrun for hello_world_marcell to 2024-10-06 00:00:00+00:00, run_after=2024-10-07 00:00:00+00:00
[2024-10-06T04:34:26.921+0000] {processor.py:208} INFO - Processing /opt/airflow/dags/hello_world.py took 0.200 seconds
[2024-10-06T04:34:57.543+0000] {processor.py:186} INFO - Started process (PID=2962) to work on /opt/airflow/dags/hello_world.py
[2024-10-06T04:34:57.544+0000] {processor.py:914} INFO - Processing file /opt/airflow/dags/hello_world.py for tasks to queue
[2024-10-06T04:34:57.546+0000] {logging_mixin.py:190} INFO - [2024-10-06T04:34:57.546+0000] {dagbag.py:588} INFO - Filling up the DagBag from /opt/airflow/dags/hello_world.py
[2024-10-06T04:34:57.556+0000] {processor.py:925} INFO - DAG(s) 'hello_world_marcell' retrieved from /opt/airflow/dags/hello_world.py
[2024-10-06T04:34:57.570+0000] {logging_mixin.py:190} INFO - [2024-10-06T04:34:57.570+0000] {dag.py:3239} INFO - Sync 1 DAGs
[2024-10-06T04:34:57.591+0000] {logging_mixin.py:190} INFO - [2024-10-06T04:34:57.591+0000] {dag.py:4180} INFO - Setting next_dagrun for hello_world_marcell to 2024-10-06 00:00:00+00:00, run_after=2024-10-07 00:00:00+00:00
[2024-10-06T04:34:57.746+0000] {processor.py:208} INFO - Processing /opt/airflow/dags/hello_world.py took 0.208 seconds
[2024-10-06T04:35:28.434+0000] {processor.py:186} INFO - Started process (PID=3025) to work on /opt/airflow/dags/hello_world.py
[2024-10-06T04:35:28.434+0000] {processor.py:914} INFO - Processing file /opt/airflow/dags/hello_world.py for tasks to queue
[2024-10-06T04:35:28.436+0000] {logging_mixin.py:190} INFO - [2024-10-06T04:35:28.436+0000] {dagbag.py:588} INFO - Filling up the DagBag from /opt/airflow/dags/hello_world.py
[2024-10-06T04:35:28.443+0000] {processor.py:925} INFO - DAG(s) 'hello_world_marcell' retrieved from /opt/airflow/dags/hello_world.py
[2024-10-06T04:35:28.457+0000] {logging_mixin.py:190} INFO - [2024-10-06T04:35:28.457+0000] {dag.py:3239} INFO - Sync 1 DAGs
[2024-10-06T04:35:28.477+0000] {logging_mixin.py:190} INFO - [2024-10-06T04:35:28.477+0000] {dag.py:4180} INFO - Setting next_dagrun for hello_world_marcell to 2024-10-06 00:00:00+00:00, run_after=2024-10-07 00:00:00+00:00
[2024-10-06T04:35:28.631+0000] {processor.py:208} INFO - Processing /opt/airflow/dags/hello_world.py took 0.202 seconds
[2024-10-06T04:35:58.883+0000] {processor.py:186} INFO - Started process (PID=3088) to work on /opt/airflow/dags/hello_world.py
[2024-10-06T04:35:58.884+0000] {processor.py:914} INFO - Processing file /opt/airflow/dags/hello_world.py for tasks to queue
[2024-10-06T04:35:58.886+0000] {logging_mixin.py:190} INFO - [2024-10-06T04:35:58.885+0000] {dagbag.py:588} INFO - Filling up the DagBag from /opt/airflow/dags/hello_world.py
[2024-10-06T04:35:58.893+0000] {processor.py:925} INFO - DAG(s) 'hello_world_marcell' retrieved from /opt/airflow/dags/hello_world.py
[2024-10-06T04:35:58.907+0000] {logging_mixin.py:190} INFO - [2024-10-06T04:35:58.907+0000] {dag.py:3239} INFO - Sync 1 DAGs
[2024-10-06T04:35:58.926+0000] {logging_mixin.py:190} INFO - [2024-10-06T04:35:58.925+0000] {dag.py:4180} INFO - Setting next_dagrun for hello_world_marcell to 2024-10-06 00:00:00+00:00, run_after=2024-10-07 00:00:00+00:00
[2024-10-06T04:35:59.083+0000] {processor.py:208} INFO - Processing /opt/airflow/dags/hello_world.py took 0.204 seconds
[2024-10-06T04:36:29.844+0000] {processor.py:186} INFO - Started process (PID=3151) to work on /opt/airflow/dags/hello_world.py
[2024-10-06T04:36:29.845+0000] {processor.py:914} INFO - Processing file /opt/airflow/dags/hello_world.py for tasks to queue
[2024-10-06T04:36:29.846+0000] {logging_mixin.py:190} INFO - [2024-10-06T04:36:29.846+0000] {dagbag.py:588} INFO - Filling up the DagBag from /opt/airflow/dags/hello_world.py
[2024-10-06T04:36:29.853+0000] {processor.py:925} INFO - DAG(s) 'hello_world_marcell' retrieved from /opt/airflow/dags/hello_world.py
[2024-10-06T04:36:29.867+0000] {logging_mixin.py:190} INFO - [2024-10-06T04:36:29.867+0000] {dag.py:3239} INFO - Sync 1 DAGs
[2024-10-06T04:36:29.885+0000] {logging_mixin.py:190} INFO - [2024-10-06T04:36:29.885+0000] {dag.py:4180} INFO - Setting next_dagrun for hello_world_marcell to 2024-10-06 00:00:00+00:00, run_after=2024-10-07 00:00:00+00:00
[2024-10-06T04:36:30.040+0000] {processor.py:208} INFO - Processing /opt/airflow/dags/hello_world.py took 0.200 seconds
[2024-10-06T04:37:00.179+0000] {processor.py:186} INFO - Started process (PID=3215) to work on /opt/airflow/dags/hello_world.py
[2024-10-06T04:37:00.180+0000] {processor.py:914} INFO - Processing file /opt/airflow/dags/hello_world.py for tasks to queue
[2024-10-06T04:37:00.182+0000] {logging_mixin.py:190} INFO - [2024-10-06T04:37:00.181+0000] {dagbag.py:588} INFO - Filling up the DagBag from /opt/airflow/dags/hello_world.py
[2024-10-06T04:37:00.188+0000] {processor.py:925} INFO - DAG(s) 'hello_world_marcell' retrieved from /opt/airflow/dags/hello_world.py
[2024-10-06T04:37:00.202+0000] {logging_mixin.py:190} INFO - [2024-10-06T04:37:00.201+0000] {dag.py:3239} INFO - Sync 1 DAGs
[2024-10-06T04:37:00.220+0000] {logging_mixin.py:190} INFO - [2024-10-06T04:37:00.220+0000] {dag.py:4180} INFO - Setting next_dagrun for hello_world_marcell to 2024-10-06 00:00:00+00:00, run_after=2024-10-07 00:00:00+00:00
[2024-10-06T04:37:00.241+0000] {processor.py:208} INFO - Processing /opt/airflow/dags/hello_world.py took 0.067 seconds
[2024-10-06T04:37:30.915+0000] {processor.py:186} INFO - Started process (PID=3278) to work on /opt/airflow/dags/hello_world.py
[2024-10-06T04:37:30.915+0000] {processor.py:914} INFO - Processing file /opt/airflow/dags/hello_world.py for tasks to queue
[2024-10-06T04:37:30.917+0000] {logging_mixin.py:190} INFO - [2024-10-06T04:37:30.917+0000] {dagbag.py:588} INFO - Filling up the DagBag from /opt/airflow/dags/hello_world.py
[2024-10-06T04:37:30.924+0000] {processor.py:925} INFO - DAG(s) 'hello_world_marcell' retrieved from /opt/airflow/dags/hello_world.py
[2024-10-06T04:37:30.937+0000] {logging_mixin.py:190} INFO - [2024-10-06T04:37:30.937+0000] {dag.py:3239} INFO - Sync 1 DAGs
[2024-10-06T04:37:30.956+0000] {logging_mixin.py:190} INFO - [2024-10-06T04:37:30.955+0000] {dag.py:4180} INFO - Setting next_dagrun for hello_world_marcell to 2024-10-06 00:00:00+00:00, run_after=2024-10-07 00:00:00+00:00
[2024-10-06T04:37:30.973+0000] {processor.py:208} INFO - Processing /opt/airflow/dags/hello_world.py took 0.063 seconds
[2024-10-06T04:38:01.572+0000] {processor.py:186} INFO - Started process (PID=3341) to work on /opt/airflow/dags/hello_world.py
[2024-10-06T04:38:01.573+0000] {processor.py:914} INFO - Processing file /opt/airflow/dags/hello_world.py for tasks to queue
[2024-10-06T04:38:01.574+0000] {logging_mixin.py:190} INFO - [2024-10-06T04:38:01.574+0000] {dagbag.py:588} INFO - Filling up the DagBag from /opt/airflow/dags/hello_world.py
[2024-10-06T04:38:01.581+0000] {processor.py:925} INFO - DAG(s) 'hello_world_marcell' retrieved from /opt/airflow/dags/hello_world.py
[2024-10-06T04:38:01.595+0000] {logging_mixin.py:190} INFO - [2024-10-06T04:38:01.595+0000] {dag.py:3239} INFO - Sync 1 DAGs
[2024-10-06T04:38:01.613+0000] {logging_mixin.py:190} INFO - [2024-10-06T04:38:01.613+0000] {dag.py:4180} INFO - Setting next_dagrun for hello_world_marcell to 2024-10-06 00:00:00+00:00, run_after=2024-10-07 00:00:00+00:00
[2024-10-06T04:38:01.629+0000] {processor.py:208} INFO - Processing /opt/airflow/dags/hello_world.py took 0.062 seconds
[2024-10-06T04:38:31.960+0000] {processor.py:186} INFO - Started process (PID=3404) to work on /opt/airflow/dags/hello_world.py
[2024-10-06T04:38:31.961+0000] {processor.py:914} INFO - Processing file /opt/airflow/dags/hello_world.py for tasks to queue
[2024-10-06T04:38:31.963+0000] {logging_mixin.py:190} INFO - [2024-10-06T04:38:31.962+0000] {dagbag.py:588} INFO - Filling up the DagBag from /opt/airflow/dags/hello_world.py
[2024-10-06T04:38:31.969+0000] {processor.py:925} INFO - DAG(s) 'hello_world_marcell' retrieved from /opt/airflow/dags/hello_world.py
[2024-10-06T04:38:31.984+0000] {logging_mixin.py:190} INFO - [2024-10-06T04:38:31.983+0000] {dag.py:3239} INFO - Sync 1 DAGs
[2024-10-06T04:38:32.004+0000] {logging_mixin.py:190} INFO - [2024-10-06T04:38:32.004+0000] {dag.py:4180} INFO - Setting next_dagrun for hello_world_marcell to 2024-10-06 00:00:00+00:00, run_after=2024-10-07 00:00:00+00:00
[2024-10-06T04:38:32.025+0000] {processor.py:208} INFO - Processing /opt/airflow/dags/hello_world.py took 0.069 seconds
[2024-10-06T04:39:02.442+0000] {processor.py:186} INFO - Started process (PID=3467) to work on /opt/airflow/dags/hello_world.py
[2024-10-06T04:39:02.443+0000] {processor.py:914} INFO - Processing file /opt/airflow/dags/hello_world.py for tasks to queue
[2024-10-06T04:39:02.444+0000] {logging_mixin.py:190} INFO - [2024-10-06T04:39:02.444+0000] {dagbag.py:588} INFO - Filling up the DagBag from /opt/airflow/dags/hello_world.py
[2024-10-06T04:39:02.451+0000] {processor.py:925} INFO - DAG(s) 'hello_world_marcell' retrieved from /opt/airflow/dags/hello_world.py
[2024-10-06T04:39:02.466+0000] {logging_mixin.py:190} INFO - [2024-10-06T04:39:02.465+0000] {dag.py:3239} INFO - Sync 1 DAGs
[2024-10-06T04:39:02.484+0000] {logging_mixin.py:190} INFO - [2024-10-06T04:39:02.484+0000] {dag.py:4180} INFO - Setting next_dagrun for hello_world_marcell to 2024-10-06 00:00:00+00:00, run_after=2024-10-07 00:00:00+00:00
[2024-10-06T04:39:02.501+0000] {processor.py:208} INFO - Processing /opt/airflow/dags/hello_world.py took 0.063 seconds
[2024-10-06T04:39:32.846+0000] {processor.py:186} INFO - Started process (PID=3530) to work on /opt/airflow/dags/hello_world.py
[2024-10-06T04:39:32.847+0000] {processor.py:914} INFO - Processing file /opt/airflow/dags/hello_world.py for tasks to queue
[2024-10-06T04:39:32.849+0000] {logging_mixin.py:190} INFO - [2024-10-06T04:39:32.848+0000] {dagbag.py:588} INFO - Filling up the DagBag from /opt/airflow/dags/hello_world.py
[2024-10-06T04:39:32.856+0000] {processor.py:925} INFO - DAG(s) 'hello_world_marcell' retrieved from /opt/airflow/dags/hello_world.py
[2024-10-06T04:39:32.870+0000] {logging_mixin.py:190} INFO - [2024-10-06T04:39:32.870+0000] {dag.py:3239} INFO - Sync 1 DAGs
[2024-10-06T04:39:32.889+0000] {logging_mixin.py:190} INFO - [2024-10-06T04:39:32.889+0000] {dag.py:4180} INFO - Setting next_dagrun for hello_world_marcell to 2024-10-06 00:00:00+00:00, run_after=2024-10-07 00:00:00+00:00
[2024-10-06T04:39:32.906+0000] {processor.py:208} INFO - Processing /opt/airflow/dags/hello_world.py took 0.064 seconds
[2024-10-06T04:40:03.277+0000] {processor.py:186} INFO - Started process (PID=3594) to work on /opt/airflow/dags/hello_world.py
[2024-10-06T04:40:03.278+0000] {processor.py:914} INFO - Processing file /opt/airflow/dags/hello_world.py for tasks to queue
[2024-10-06T04:40:03.279+0000] {logging_mixin.py:190} INFO - [2024-10-06T04:40:03.279+0000] {dagbag.py:588} INFO - Filling up the DagBag from /opt/airflow/dags/hello_world.py
[2024-10-06T04:40:03.286+0000] {processor.py:925} INFO - DAG(s) 'hello_world_marcell' retrieved from /opt/airflow/dags/hello_world.py
[2024-10-06T04:40:03.299+0000] {logging_mixin.py:190} INFO - [2024-10-06T04:40:03.299+0000] {dag.py:3239} INFO - Sync 1 DAGs
[2024-10-06T04:40:03.317+0000] {logging_mixin.py:190} INFO - [2024-10-06T04:40:03.317+0000] {dag.py:4180} INFO - Setting next_dagrun for hello_world_marcell to 2024-10-06 00:00:00+00:00, run_after=2024-10-07 00:00:00+00:00
[2024-10-06T04:40:03.336+0000] {processor.py:208} INFO - Processing /opt/airflow/dags/hello_world.py took 0.063 seconds
[2024-10-06T04:40:33.614+0000] {processor.py:186} INFO - Started process (PID=3657) to work on /opt/airflow/dags/hello_world.py
[2024-10-06T04:40:33.615+0000] {processor.py:914} INFO - Processing file /opt/airflow/dags/hello_world.py for tasks to queue
[2024-10-06T04:40:33.617+0000] {logging_mixin.py:190} INFO - [2024-10-06T04:40:33.616+0000] {dagbag.py:588} INFO - Filling up the DagBag from /opt/airflow/dags/hello_world.py
[2024-10-06T04:40:33.624+0000] {processor.py:925} INFO - DAG(s) 'hello_world_marcell' retrieved from /opt/airflow/dags/hello_world.py
[2024-10-06T04:40:33.638+0000] {logging_mixin.py:190} INFO - [2024-10-06T04:40:33.638+0000] {dag.py:3239} INFO - Sync 1 DAGs
[2024-10-06T04:40:33.657+0000] {logging_mixin.py:190} INFO - [2024-10-06T04:40:33.657+0000] {dag.py:4180} INFO - Setting next_dagrun for hello_world_marcell to 2024-10-06 00:00:00+00:00, run_after=2024-10-07 00:00:00+00:00
[2024-10-06T04:40:33.673+0000] {processor.py:208} INFO - Processing /opt/airflow/dags/hello_world.py took 0.063 seconds
[2024-10-06T04:41:03.834+0000] {processor.py:186} INFO - Started process (PID=3720) to work on /opt/airflow/dags/hello_world.py
[2024-10-06T04:41:03.835+0000] {processor.py:914} INFO - Processing file /opt/airflow/dags/hello_world.py for tasks to queue
[2024-10-06T04:41:03.837+0000] {logging_mixin.py:190} INFO - [2024-10-06T04:41:03.836+0000] {dagbag.py:588} INFO - Filling up the DagBag from /opt/airflow/dags/hello_world.py
[2024-10-06T04:41:03.843+0000] {processor.py:925} INFO - DAG(s) 'hello_world_marcell' retrieved from /opt/airflow/dags/hello_world.py
[2024-10-06T04:41:03.858+0000] {logging_mixin.py:190} INFO - [2024-10-06T04:41:03.858+0000] {dag.py:3239} INFO - Sync 1 DAGs
[2024-10-06T04:41:03.876+0000] {logging_mixin.py:190} INFO - [2024-10-06T04:41:03.876+0000] {dag.py:4180} INFO - Setting next_dagrun for hello_world_marcell to 2024-10-06 00:00:00+00:00, run_after=2024-10-07 00:00:00+00:00
[2024-10-06T04:41:03.896+0000] {processor.py:208} INFO - Processing /opt/airflow/dags/hello_world.py took 0.066 seconds
[2024-10-06T04:41:34.397+0000] {processor.py:186} INFO - Started process (PID=3783) to work on /opt/airflow/dags/hello_world.py
[2024-10-06T04:41:34.397+0000] {processor.py:914} INFO - Processing file /opt/airflow/dags/hello_world.py for tasks to queue
[2024-10-06T04:41:34.399+0000] {logging_mixin.py:190} INFO - [2024-10-06T04:41:34.399+0000] {dagbag.py:588} INFO - Filling up the DagBag from /opt/airflow/dags/hello_world.py
[2024-10-06T04:41:34.406+0000] {processor.py:925} INFO - DAG(s) 'hello_world_marcell' retrieved from /opt/airflow/dags/hello_world.py
[2024-10-06T04:41:34.420+0000] {logging_mixin.py:190} INFO - [2024-10-06T04:41:34.419+0000] {dag.py:3239} INFO - Sync 1 DAGs
[2024-10-06T04:41:34.438+0000] {logging_mixin.py:190} INFO - [2024-10-06T04:41:34.438+0000] {dag.py:4180} INFO - Setting next_dagrun for hello_world_marcell to 2024-10-06 00:00:00+00:00, run_after=2024-10-07 00:00:00+00:00
[2024-10-06T04:41:34.456+0000] {processor.py:208} INFO - Processing /opt/airflow/dags/hello_world.py took 0.064 seconds
[2024-10-06T04:42:04.991+0000] {processor.py:186} INFO - Started process (PID=3847) to work on /opt/airflow/dags/hello_world.py
[2024-10-06T04:42:04.992+0000] {processor.py:914} INFO - Processing file /opt/airflow/dags/hello_world.py for tasks to queue
[2024-10-06T04:42:04.994+0000] {logging_mixin.py:190} INFO - [2024-10-06T04:42:04.993+0000] {dagbag.py:588} INFO - Filling up the DagBag from /opt/airflow/dags/hello_world.py
[2024-10-06T04:42:05.000+0000] {processor.py:925} INFO - DAG(s) 'hello_world_marcell' retrieved from /opt/airflow/dags/hello_world.py
[2024-10-06T04:42:05.014+0000] {logging_mixin.py:190} INFO - [2024-10-06T04:42:05.014+0000] {dag.py:3239} INFO - Sync 1 DAGs
[2024-10-06T04:42:05.033+0000] {logging_mixin.py:190} INFO - [2024-10-06T04:42:05.033+0000] {dag.py:4180} INFO - Setting next_dagrun for hello_world_marcell to 2024-10-06 00:00:00+00:00, run_after=2024-10-07 00:00:00+00:00
[2024-10-06T04:42:05.051+0000] {processor.py:208} INFO - Processing /opt/airflow/dags/hello_world.py took 0.064 seconds
[2024-10-06T04:42:35.341+0000] {processor.py:186} INFO - Started process (PID=3910) to work on /opt/airflow/dags/hello_world.py
[2024-10-06T04:42:35.342+0000] {processor.py:914} INFO - Processing file /opt/airflow/dags/hello_world.py for tasks to queue
[2024-10-06T04:42:35.344+0000] {logging_mixin.py:190} INFO - [2024-10-06T04:42:35.343+0000] {dagbag.py:588} INFO - Filling up the DagBag from /opt/airflow/dags/hello_world.py
[2024-10-06T04:42:35.350+0000] {processor.py:925} INFO - DAG(s) 'hello_world_marcell' retrieved from /opt/airflow/dags/hello_world.py
[2024-10-06T04:42:35.364+0000] {logging_mixin.py:190} INFO - [2024-10-06T04:42:35.363+0000] {dag.py:3239} INFO - Sync 1 DAGs
[2024-10-06T04:42:35.384+0000] {logging_mixin.py:190} INFO - [2024-10-06T04:42:35.384+0000] {dag.py:4180} INFO - Setting next_dagrun for hello_world_marcell to 2024-10-06 00:00:00+00:00, run_after=2024-10-07 00:00:00+00:00
[2024-10-06T04:42:35.401+0000] {processor.py:208} INFO - Processing /opt/airflow/dags/hello_world.py took 0.064 seconds
[2024-10-06T04:43:05.838+0000] {processor.py:186} INFO - Started process (PID=3973) to work on /opt/airflow/dags/hello_world.py
[2024-10-06T04:43:05.838+0000] {processor.py:914} INFO - Processing file /opt/airflow/dags/hello_world.py for tasks to queue
[2024-10-06T04:43:05.840+0000] {logging_mixin.py:190} INFO - [2024-10-06T04:43:05.840+0000] {dagbag.py:588} INFO - Filling up the DagBag from /opt/airflow/dags/hello_world.py
[2024-10-06T04:43:05.847+0000] {processor.py:925} INFO - DAG(s) 'hello_world_marcell' retrieved from /opt/airflow/dags/hello_world.py
[2024-10-06T04:43:05.863+0000] {logging_mixin.py:190} INFO - [2024-10-06T04:43:05.863+0000] {dag.py:3239} INFO - Sync 1 DAGs
[2024-10-06T04:43:05.882+0000] {logging_mixin.py:190} INFO - [2024-10-06T04:43:05.882+0000] {dag.py:4180} INFO - Setting next_dagrun for hello_world_marcell to 2024-10-06 00:00:00+00:00, run_after=2024-10-07 00:00:00+00:00
[2024-10-06T04:43:05.900+0000] {processor.py:208} INFO - Processing /opt/airflow/dags/hello_world.py took 0.067 seconds
[2024-10-06T04:43:36.311+0000] {processor.py:186} INFO - Started process (PID=4036) to work on /opt/airflow/dags/hello_world.py
[2024-10-06T04:43:36.312+0000] {processor.py:914} INFO - Processing file /opt/airflow/dags/hello_world.py for tasks to queue
[2024-10-06T04:43:36.313+0000] {logging_mixin.py:190} INFO - [2024-10-06T04:43:36.313+0000] {dagbag.py:588} INFO - Filling up the DagBag from /opt/airflow/dags/hello_world.py
[2024-10-06T04:43:36.320+0000] {processor.py:925} INFO - DAG(s) 'hello_world_marcell' retrieved from /opt/airflow/dags/hello_world.py
[2024-10-06T04:43:36.334+0000] {logging_mixin.py:190} INFO - [2024-10-06T04:43:36.334+0000] {dag.py:3239} INFO - Sync 1 DAGs
[2024-10-06T04:43:36.352+0000] {logging_mixin.py:190} INFO - [2024-10-06T04:43:36.352+0000] {dag.py:4180} INFO - Setting next_dagrun for hello_world_marcell to 2024-10-06 00:00:00+00:00, run_after=2024-10-07 00:00:00+00:00
[2024-10-06T04:43:36.369+0000] {processor.py:208} INFO - Processing /opt/airflow/dags/hello_world.py took 0.063 seconds
[2024-10-06T04:44:06.820+0000] {processor.py:186} INFO - Started process (PID=4099) to work on /opt/airflow/dags/hello_world.py
[2024-10-06T04:44:06.820+0000] {processor.py:914} INFO - Processing file /opt/airflow/dags/hello_world.py for tasks to queue
[2024-10-06T04:44:06.822+0000] {logging_mixin.py:190} INFO - [2024-10-06T04:44:06.822+0000] {dagbag.py:588} INFO - Filling up the DagBag from /opt/airflow/dags/hello_world.py
[2024-10-06T04:44:06.828+0000] {processor.py:925} INFO - DAG(s) 'hello_world_marcell' retrieved from /opt/airflow/dags/hello_world.py
[2024-10-06T04:44:06.842+0000] {logging_mixin.py:190} INFO - [2024-10-06T04:44:06.841+0000] {dag.py:3239} INFO - Sync 1 DAGs
[2024-10-06T04:44:06.859+0000] {logging_mixin.py:190} INFO - [2024-10-06T04:44:06.859+0000] {dag.py:4180} INFO - Setting next_dagrun for hello_world_marcell to 2024-10-06 00:00:00+00:00, run_after=2024-10-07 00:00:00+00:00
[2024-10-06T04:44:06.878+0000] {processor.py:208} INFO - Processing /opt/airflow/dags/hello_world.py took 0.063 seconds
[2024-10-06T04:44:37.485+0000] {processor.py:186} INFO - Started process (PID=4162) to work on /opt/airflow/dags/hello_world.py
[2024-10-06T04:44:37.486+0000] {processor.py:914} INFO - Processing file /opt/airflow/dags/hello_world.py for tasks to queue
[2024-10-06T04:44:37.488+0000] {logging_mixin.py:190} INFO - [2024-10-06T04:44:37.487+0000] {dagbag.py:588} INFO - Filling up the DagBag from /opt/airflow/dags/hello_world.py
[2024-10-06T04:44:37.494+0000] {processor.py:925} INFO - DAG(s) 'hello_world_marcell' retrieved from /opt/airflow/dags/hello_world.py
[2024-10-06T04:44:37.507+0000] {logging_mixin.py:190} INFO - [2024-10-06T04:44:37.507+0000] {dag.py:3239} INFO - Sync 1 DAGs
[2024-10-06T04:44:37.527+0000] {logging_mixin.py:190} INFO - [2024-10-06T04:44:37.527+0000] {dag.py:4180} INFO - Setting next_dagrun for hello_world_marcell to 2024-10-06 00:00:00+00:00, run_after=2024-10-07 00:00:00+00:00
[2024-10-06T04:44:37.545+0000] {processor.py:208} INFO - Processing /opt/airflow/dags/hello_world.py took 0.064 seconds
[2024-10-06T04:45:08.269+0000] {processor.py:186} INFO - Started process (PID=4225) to work on /opt/airflow/dags/hello_world.py
[2024-10-06T04:45:08.269+0000] {processor.py:914} INFO - Processing file /opt/airflow/dags/hello_world.py for tasks to queue
[2024-10-06T04:45:08.271+0000] {logging_mixin.py:190} INFO - [2024-10-06T04:45:08.271+0000] {dagbag.py:588} INFO - Filling up the DagBag from /opt/airflow/dags/hello_world.py
[2024-10-06T04:45:08.278+0000] {processor.py:925} INFO - DAG(s) 'hello_world_marcell' retrieved from /opt/airflow/dags/hello_world.py
[2024-10-06T04:45:08.292+0000] {logging_mixin.py:190} INFO - [2024-10-06T04:45:08.292+0000] {dag.py:3239} INFO - Sync 1 DAGs
[2024-10-06T04:45:08.310+0000] {logging_mixin.py:190} INFO - [2024-10-06T04:45:08.310+0000] {dag.py:4180} INFO - Setting next_dagrun for hello_world_marcell to 2024-10-06 00:00:00+00:00, run_after=2024-10-07 00:00:00+00:00
[2024-10-06T04:45:08.327+0000] {processor.py:208} INFO - Processing /opt/airflow/dags/hello_world.py took 0.064 seconds
[2024-10-06T04:45:38.788+0000] {processor.py:186} INFO - Started process (PID=4288) to work on /opt/airflow/dags/hello_world.py
[2024-10-06T04:45:38.789+0000] {processor.py:914} INFO - Processing file /opt/airflow/dags/hello_world.py for tasks to queue
[2024-10-06T04:45:38.791+0000] {logging_mixin.py:190} INFO - [2024-10-06T04:45:38.790+0000] {dagbag.py:588} INFO - Filling up the DagBag from /opt/airflow/dags/hello_world.py
[2024-10-06T04:45:38.798+0000] {processor.py:925} INFO - DAG(s) 'hello_world_marcell' retrieved from /opt/airflow/dags/hello_world.py
[2024-10-06T04:45:38.812+0000] {logging_mixin.py:190} INFO - [2024-10-06T04:45:38.811+0000] {dag.py:3239} INFO - Sync 1 DAGs
[2024-10-06T04:45:38.829+0000] {logging_mixin.py:190} INFO - [2024-10-06T04:45:38.829+0000] {dag.py:4180} INFO - Setting next_dagrun for hello_world_marcell to 2024-10-06 00:00:00+00:00, run_after=2024-10-07 00:00:00+00:00
[2024-10-06T04:45:38.846+0000] {processor.py:208} INFO - Processing /opt/airflow/dags/hello_world.py took 0.062 seconds
[2024-10-06T04:46:09.227+0000] {processor.py:186} INFO - Started process (PID=4351) to work on /opt/airflow/dags/hello_world.py
[2024-10-06T04:46:09.228+0000] {processor.py:914} INFO - Processing file /opt/airflow/dags/hello_world.py for tasks to queue
[2024-10-06T04:46:09.229+0000] {logging_mixin.py:190} INFO - [2024-10-06T04:46:09.229+0000] {dagbag.py:588} INFO - Filling up the DagBag from /opt/airflow/dags/hello_world.py
[2024-10-06T04:46:09.236+0000] {processor.py:925} INFO - DAG(s) 'hello_world_marcell' retrieved from /opt/airflow/dags/hello_world.py
[2024-10-06T04:46:09.253+0000] {logging_mixin.py:190} INFO - [2024-10-06T04:46:09.253+0000] {dag.py:3239} INFO - Sync 1 DAGs
[2024-10-06T04:46:09.278+0000] {logging_mixin.py:190} INFO - [2024-10-06T04:46:09.278+0000] {dag.py:4180} INFO - Setting next_dagrun for hello_world_marcell to 2024-10-06 00:00:00+00:00, run_after=2024-10-07 00:00:00+00:00
[2024-10-06T04:46:09.299+0000] {processor.py:208} INFO - Processing /opt/airflow/dags/hello_world.py took 0.077 seconds
[2024-10-06T04:46:39.450+0000] {processor.py:186} INFO - Started process (PID=4414) to work on /opt/airflow/dags/hello_world.py
[2024-10-06T04:46:39.451+0000] {processor.py:914} INFO - Processing file /opt/airflow/dags/hello_world.py for tasks to queue
[2024-10-06T04:46:39.453+0000] {logging_mixin.py:190} INFO - [2024-10-06T04:46:39.453+0000] {dagbag.py:588} INFO - Filling up the DagBag from /opt/airflow/dags/hello_world.py
[2024-10-06T04:46:39.460+0000] {processor.py:925} INFO - DAG(s) 'hello_world_marcell' retrieved from /opt/airflow/dags/hello_world.py
[2024-10-06T04:46:39.475+0000] {logging_mixin.py:190} INFO - [2024-10-06T04:46:39.474+0000] {dag.py:3239} INFO - Sync 1 DAGs
[2024-10-06T04:46:39.494+0000] {logging_mixin.py:190} INFO - [2024-10-06T04:46:39.494+0000] {dag.py:4180} INFO - Setting next_dagrun for hello_world_marcell to 2024-10-06 00:00:00+00:00, run_after=2024-10-07 00:00:00+00:00
[2024-10-06T04:46:39.514+0000] {processor.py:208} INFO - Processing /opt/airflow/dags/hello_world.py took 0.069 seconds
[2024-10-06T04:47:09.814+0000] {processor.py:186} INFO - Started process (PID=4477) to work on /opt/airflow/dags/hello_world.py
[2024-10-06T04:47:09.814+0000] {processor.py:914} INFO - Processing file /opt/airflow/dags/hello_world.py for tasks to queue
[2024-10-06T04:47:09.816+0000] {logging_mixin.py:190} INFO - [2024-10-06T04:47:09.816+0000] {dagbag.py:588} INFO - Filling up the DagBag from /opt/airflow/dags/hello_world.py
[2024-10-06T04:47:09.824+0000] {processor.py:925} INFO - DAG(s) 'hello_world_marcell' retrieved from /opt/airflow/dags/hello_world.py
[2024-10-06T04:47:09.839+0000] {logging_mixin.py:190} INFO - [2024-10-06T04:47:09.839+0000] {dag.py:3239} INFO - Sync 1 DAGs
[2024-10-06T04:47:09.858+0000] {logging_mixin.py:190} INFO - [2024-10-06T04:47:09.858+0000] {dag.py:4180} INFO - Setting next_dagrun for hello_world_marcell to 2024-10-06 00:00:00+00:00, run_after=2024-10-07 00:00:00+00:00
[2024-10-06T04:47:09.875+0000] {processor.py:208} INFO - Processing /opt/airflow/dags/hello_world.py took 0.066 seconds
[2024-10-06T04:47:40.227+0000] {processor.py:186} INFO - Started process (PID=4540) to work on /opt/airflow/dags/hello_world.py
[2024-10-06T04:47:40.228+0000] {processor.py:914} INFO - Processing file /opt/airflow/dags/hello_world.py for tasks to queue
[2024-10-06T04:47:40.229+0000] {logging_mixin.py:190} INFO - [2024-10-06T04:47:40.229+0000] {dagbag.py:588} INFO - Filling up the DagBag from /opt/airflow/dags/hello_world.py
[2024-10-06T04:47:40.236+0000] {processor.py:925} INFO - DAG(s) 'hello_world_marcell' retrieved from /opt/airflow/dags/hello_world.py
[2024-10-06T04:47:40.249+0000] {logging_mixin.py:190} INFO - [2024-10-06T04:47:40.249+0000] {dag.py:3239} INFO - Sync 1 DAGs
[2024-10-06T04:47:40.267+0000] {logging_mixin.py:190} INFO - [2024-10-06T04:47:40.267+0000] {dag.py:4180} INFO - Setting next_dagrun for hello_world_marcell to 2024-10-06 00:00:00+00:00, run_after=2024-10-07 00:00:00+00:00
[2024-10-06T04:47:40.285+0000] {processor.py:208} INFO - Processing /opt/airflow/dags/hello_world.py took 0.062 seconds
[2024-10-06T04:48:10.631+0000] {processor.py:186} INFO - Started process (PID=4603) to work on /opt/airflow/dags/hello_world.py
[2024-10-06T04:48:10.632+0000] {processor.py:914} INFO - Processing file /opt/airflow/dags/hello_world.py for tasks to queue
[2024-10-06T04:48:10.635+0000] {logging_mixin.py:190} INFO - [2024-10-06T04:48:10.634+0000] {dagbag.py:588} INFO - Filling up the DagBag from /opt/airflow/dags/hello_world.py
[2024-10-06T04:48:10.644+0000] {processor.py:925} INFO - DAG(s) 'hello_world_marcell' retrieved from /opt/airflow/dags/hello_world.py
[2024-10-06T04:48:10.664+0000] {logging_mixin.py:190} INFO - [2024-10-06T04:48:10.663+0000] {dag.py:3239} INFO - Sync 1 DAGs
[2024-10-06T04:48:10.685+0000] {logging_mixin.py:190} INFO - [2024-10-06T04:48:10.685+0000] {dag.py:4180} INFO - Setting next_dagrun for hello_world_marcell to 2024-10-06 00:00:00+00:00, run_after=2024-10-07 00:00:00+00:00
[2024-10-06T04:48:10.701+0000] {processor.py:208} INFO - Processing /opt/airflow/dags/hello_world.py took 0.077 seconds
[2024-10-06T04:48:41.044+0000] {processor.py:186} INFO - Started process (PID=4666) to work on /opt/airflow/dags/hello_world.py
[2024-10-06T04:48:41.045+0000] {processor.py:914} INFO - Processing file /opt/airflow/dags/hello_world.py for tasks to queue
[2024-10-06T04:48:41.046+0000] {logging_mixin.py:190} INFO - [2024-10-06T04:48:41.046+0000] {dagbag.py:588} INFO - Filling up the DagBag from /opt/airflow/dags/hello_world.py
[2024-10-06T04:48:41.053+0000] {processor.py:925} INFO - DAG(s) 'hello_world_marcell' retrieved from /opt/airflow/dags/hello_world.py
[2024-10-06T04:48:41.067+0000] {logging_mixin.py:190} INFO - [2024-10-06T04:48:41.066+0000] {dag.py:3239} INFO - Sync 1 DAGs
[2024-10-06T04:48:41.085+0000] {logging_mixin.py:190} INFO - [2024-10-06T04:48:41.085+0000] {dag.py:4180} INFO - Setting next_dagrun for hello_world_marcell to 2024-10-06 00:00:00+00:00, run_after=2024-10-07 00:00:00+00:00
[2024-10-06T04:48:41.101+0000] {processor.py:208} INFO - Processing /opt/airflow/dags/hello_world.py took 0.061 seconds
[2024-10-06T04:49:11.458+0000] {processor.py:186} INFO - Started process (PID=4729) to work on /opt/airflow/dags/hello_world.py
[2024-10-06T04:49:11.458+0000] {processor.py:914} INFO - Processing file /opt/airflow/dags/hello_world.py for tasks to queue
[2024-10-06T04:49:11.461+0000] {logging_mixin.py:190} INFO - [2024-10-06T04:49:11.460+0000] {dagbag.py:588} INFO - Filling up the DagBag from /opt/airflow/dags/hello_world.py
[2024-10-06T04:49:11.467+0000] {processor.py:925} INFO - DAG(s) 'hello_world_marcell' retrieved from /opt/airflow/dags/hello_world.py
[2024-10-06T04:49:11.481+0000] {logging_mixin.py:190} INFO - [2024-10-06T04:49:11.481+0000] {dag.py:3239} INFO - Sync 1 DAGs
[2024-10-06T04:49:11.499+0000] {logging_mixin.py:190} INFO - [2024-10-06T04:49:11.498+0000] {dag.py:4180} INFO - Setting next_dagrun for hello_world_marcell to 2024-10-06 00:00:00+00:00, run_after=2024-10-07 00:00:00+00:00
[2024-10-06T04:49:11.517+0000] {processor.py:208} INFO - Processing /opt/airflow/dags/hello_world.py took 0.064 seconds
[2024-10-06T04:49:41.787+0000] {processor.py:186} INFO - Started process (PID=4794) to work on /opt/airflow/dags/hello_world.py
[2024-10-06T04:49:41.787+0000] {processor.py:914} INFO - Processing file /opt/airflow/dags/hello_world.py for tasks to queue
[2024-10-06T04:49:41.789+0000] {logging_mixin.py:190} INFO - [2024-10-06T04:49:41.788+0000] {dagbag.py:588} INFO - Filling up the DagBag from /opt/airflow/dags/hello_world.py
[2024-10-06T04:49:41.795+0000] {processor.py:925} INFO - DAG(s) 'hello_world_marcell' retrieved from /opt/airflow/dags/hello_world.py
[2024-10-06T04:49:41.809+0000] {logging_mixin.py:190} INFO - [2024-10-06T04:49:41.809+0000] {dag.py:3239} INFO - Sync 1 DAGs
[2024-10-06T04:49:41.827+0000] {logging_mixin.py:190} INFO - [2024-10-06T04:49:41.827+0000] {dag.py:4180} INFO - Setting next_dagrun for hello_world_marcell to 2024-10-06 00:00:00+00:00, run_after=2024-10-07 00:00:00+00:00
[2024-10-06T04:49:41.846+0000] {processor.py:208} INFO - Processing /opt/airflow/dags/hello_world.py took 0.063 seconds
[2024-10-06T04:50:12.074+0000] {processor.py:186} INFO - Started process (PID=4857) to work on /opt/airflow/dags/hello_world.py
[2024-10-06T04:50:12.074+0000] {processor.py:914} INFO - Processing file /opt/airflow/dags/hello_world.py for tasks to queue
[2024-10-06T04:50:12.076+0000] {logging_mixin.py:190} INFO - [2024-10-06T04:50:12.076+0000] {dagbag.py:588} INFO - Filling up the DagBag from /opt/airflow/dags/hello_world.py
[2024-10-06T04:50:12.083+0000] {processor.py:925} INFO - DAG(s) 'hello_world_marcell' retrieved from /opt/airflow/dags/hello_world.py
[2024-10-06T04:50:12.096+0000] {logging_mixin.py:190} INFO - [2024-10-06T04:50:12.096+0000] {dag.py:3239} INFO - Sync 1 DAGs
[2024-10-06T04:50:12.114+0000] {logging_mixin.py:190} INFO - [2024-10-06T04:50:12.114+0000] {dag.py:4180} INFO - Setting next_dagrun for hello_world_marcell to 2024-10-06 00:00:00+00:00, run_after=2024-10-07 00:00:00+00:00
[2024-10-06T04:50:12.131+0000] {processor.py:208} INFO - Processing /opt/airflow/dags/hello_world.py took 0.063 seconds
[2024-10-06T04:50:42.375+0000] {processor.py:186} INFO - Started process (PID=4920) to work on /opt/airflow/dags/hello_world.py
[2024-10-06T04:50:42.375+0000] {processor.py:914} INFO - Processing file /opt/airflow/dags/hello_world.py for tasks to queue
[2024-10-06T04:50:42.377+0000] {logging_mixin.py:190} INFO - [2024-10-06T04:50:42.377+0000] {dagbag.py:588} INFO - Filling up the DagBag from /opt/airflow/dags/hello_world.py
[2024-10-06T04:50:42.384+0000] {processor.py:925} INFO - DAG(s) 'hello_world_marcell' retrieved from /opt/airflow/dags/hello_world.py
[2024-10-06T04:50:42.397+0000] {logging_mixin.py:190} INFO - [2024-10-06T04:50:42.397+0000] {dag.py:3239} INFO - Sync 1 DAGs
[2024-10-06T04:50:42.415+0000] {logging_mixin.py:190} INFO - [2024-10-06T04:50:42.415+0000] {dag.py:4180} INFO - Setting next_dagrun for hello_world_marcell to 2024-10-06 00:00:00+00:00, run_after=2024-10-07 00:00:00+00:00
[2024-10-06T04:50:42.432+0000] {processor.py:208} INFO - Processing /opt/airflow/dags/hello_world.py took 0.062 seconds
[2024-10-06T04:51:12.739+0000] {processor.py:186} INFO - Started process (PID=4983) to work on /opt/airflow/dags/hello_world.py
[2024-10-06T04:51:12.739+0000] {processor.py:914} INFO - Processing file /opt/airflow/dags/hello_world.py for tasks to queue
[2024-10-06T04:51:12.742+0000] {logging_mixin.py:190} INFO - [2024-10-06T04:51:12.741+0000] {dagbag.py:588} INFO - Filling up the DagBag from /opt/airflow/dags/hello_world.py
[2024-10-06T04:51:12.749+0000] {processor.py:925} INFO - DAG(s) 'hello_world_marcell' retrieved from /opt/airflow/dags/hello_world.py
[2024-10-06T04:51:12.763+0000] {logging_mixin.py:190} INFO - [2024-10-06T04:51:12.762+0000] {dag.py:3239} INFO - Sync 1 DAGs
[2024-10-06T04:51:12.781+0000] {logging_mixin.py:190} INFO - [2024-10-06T04:51:12.780+0000] {dag.py:4180} INFO - Setting next_dagrun for hello_world_marcell to 2024-10-06 00:00:00+00:00, run_after=2024-10-07 00:00:00+00:00
[2024-10-06T04:51:12.798+0000] {processor.py:208} INFO - Processing /opt/airflow/dags/hello_world.py took 0.065 seconds
[2024-10-06T04:51:43.321+0000] {processor.py:186} INFO - Started process (PID=5046) to work on /opt/airflow/dags/hello_world.py
[2024-10-06T04:51:43.322+0000] {processor.py:914} INFO - Processing file /opt/airflow/dags/hello_world.py for tasks to queue
[2024-10-06T04:51:43.324+0000] {logging_mixin.py:190} INFO - [2024-10-06T04:51:43.323+0000] {dagbag.py:588} INFO - Filling up the DagBag from /opt/airflow/dags/hello_world.py
[2024-10-06T04:51:43.330+0000] {processor.py:925} INFO - DAG(s) 'hello_world_marcell' retrieved from /opt/airflow/dags/hello_world.py
[2024-10-06T04:51:43.345+0000] {logging_mixin.py:190} INFO - [2024-10-06T04:51:43.345+0000] {dag.py:3239} INFO - Sync 1 DAGs
[2024-10-06T04:51:43.363+0000] {logging_mixin.py:190} INFO - [2024-10-06T04:51:43.362+0000] {dag.py:4180} INFO - Setting next_dagrun for hello_world_marcell to 2024-10-06 00:00:00+00:00, run_after=2024-10-07 00:00:00+00:00
[2024-10-06T04:51:43.379+0000] {processor.py:208} INFO - Processing /opt/airflow/dags/hello_world.py took 0.062 seconds
[2024-10-06T04:52:13.907+0000] {processor.py:186} INFO - Started process (PID=5109) to work on /opt/airflow/dags/hello_world.py
[2024-10-06T04:52:13.908+0000] {processor.py:914} INFO - Processing file /opt/airflow/dags/hello_world.py for tasks to queue
[2024-10-06T04:52:13.910+0000] {logging_mixin.py:190} INFO - [2024-10-06T04:52:13.909+0000] {dagbag.py:588} INFO - Filling up the DagBag from /opt/airflow/dags/hello_world.py
[2024-10-06T04:52:13.916+0000] {processor.py:925} INFO - DAG(s) 'hello_world_marcell' retrieved from /opt/airflow/dags/hello_world.py
[2024-10-06T04:52:13.931+0000] {logging_mixin.py:190} INFO - [2024-10-06T04:52:13.931+0000] {dag.py:3239} INFO - Sync 1 DAGs
[2024-10-06T04:52:13.948+0000] {logging_mixin.py:190} INFO - [2024-10-06T04:52:13.948+0000] {dag.py:4180} INFO - Setting next_dagrun for hello_world_marcell to 2024-10-06 00:00:00+00:00, run_after=2024-10-07 00:00:00+00:00
[2024-10-06T04:52:13.965+0000] {processor.py:208} INFO - Processing /opt/airflow/dags/hello_world.py took 0.062 seconds
[2024-10-06T04:52:44.207+0000] {processor.py:186} INFO - Started process (PID=5172) to work on /opt/airflow/dags/hello_world.py
[2024-10-06T04:52:44.207+0000] {processor.py:914} INFO - Processing file /opt/airflow/dags/hello_world.py for tasks to queue
[2024-10-06T04:52:44.209+0000] {logging_mixin.py:190} INFO - [2024-10-06T04:52:44.209+0000] {dagbag.py:588} INFO - Filling up the DagBag from /opt/airflow/dags/hello_world.py
[2024-10-06T04:52:44.216+0000] {processor.py:925} INFO - DAG(s) 'hello_world_marcell' retrieved from /opt/airflow/dags/hello_world.py
[2024-10-06T04:52:44.229+0000] {logging_mixin.py:190} INFO - [2024-10-06T04:52:44.228+0000] {dag.py:3239} INFO - Sync 1 DAGs
[2024-10-06T04:52:44.246+0000] {logging_mixin.py:190} INFO - [2024-10-06T04:52:44.246+0000] {dag.py:4180} INFO - Setting next_dagrun for hello_world_marcell to 2024-10-06 00:00:00+00:00, run_after=2024-10-07 00:00:00+00:00
[2024-10-06T04:52:44.396+0000] {processor.py:208} INFO - Processing /opt/airflow/dags/hello_world.py took 0.193 seconds
[2024-10-06T04:53:14.745+0000] {processor.py:186} INFO - Started process (PID=5235) to work on /opt/airflow/dags/hello_world.py
[2024-10-06T04:53:14.746+0000] {processor.py:914} INFO - Processing file /opt/airflow/dags/hello_world.py for tasks to queue
[2024-10-06T04:53:14.748+0000] {logging_mixin.py:190} INFO - [2024-10-06T04:53:14.747+0000] {dagbag.py:588} INFO - Filling up the DagBag from /opt/airflow/dags/hello_world.py
[2024-10-06T04:53:14.754+0000] {processor.py:925} INFO - DAG(s) 'hello_world_marcell' retrieved from /opt/airflow/dags/hello_world.py
[2024-10-06T04:53:14.769+0000] {logging_mixin.py:190} INFO - [2024-10-06T04:53:14.768+0000] {dag.py:3239} INFO - Sync 1 DAGs
[2024-10-06T04:53:14.788+0000] {logging_mixin.py:190} INFO - [2024-10-06T04:53:14.788+0000] {dag.py:4180} INFO - Setting next_dagrun for hello_world_marcell to 2024-10-06 00:00:00+00:00, run_after=2024-10-07 00:00:00+00:00
[2024-10-06T04:53:14.811+0000] {processor.py:208} INFO - Processing /opt/airflow/dags/hello_world.py took 0.071 seconds
[2024-10-06T04:53:45.148+0000] {processor.py:186} INFO - Started process (PID=5298) to work on /opt/airflow/dags/hello_world.py
[2024-10-06T04:53:45.149+0000] {processor.py:914} INFO - Processing file /opt/airflow/dags/hello_world.py for tasks to queue
[2024-10-06T04:53:45.151+0000] {logging_mixin.py:190} INFO - [2024-10-06T04:53:45.150+0000] {dagbag.py:588} INFO - Filling up the DagBag from /opt/airflow/dags/hello_world.py
[2024-10-06T04:53:45.158+0000] {processor.py:925} INFO - DAG(s) 'hello_world_marcell' retrieved from /opt/airflow/dags/hello_world.py
[2024-10-06T04:53:45.172+0000] {logging_mixin.py:190} INFO - [2024-10-06T04:53:45.172+0000] {dag.py:3239} INFO - Sync 1 DAGs
[2024-10-06T04:53:45.191+0000] {logging_mixin.py:190} INFO - [2024-10-06T04:53:45.190+0000] {dag.py:4180} INFO - Setting next_dagrun for hello_world_marcell to 2024-10-06 00:00:00+00:00, run_after=2024-10-07 00:00:00+00:00
[2024-10-06T04:53:45.209+0000] {processor.py:208} INFO - Processing /opt/airflow/dags/hello_world.py took 0.065 seconds
[2024-10-06T04:54:15.409+0000] {processor.py:186} INFO - Started process (PID=5361) to work on /opt/airflow/dags/hello_world.py
[2024-10-06T04:54:15.410+0000] {processor.py:914} INFO - Processing file /opt/airflow/dags/hello_world.py for tasks to queue
[2024-10-06T04:54:15.412+0000] {logging_mixin.py:190} INFO - [2024-10-06T04:54:15.411+0000] {dagbag.py:588} INFO - Filling up the DagBag from /opt/airflow/dags/hello_world.py
[2024-10-06T04:54:15.419+0000] {processor.py:925} INFO - DAG(s) 'hello_world_marcell' retrieved from /opt/airflow/dags/hello_world.py
[2024-10-06T04:54:15.433+0000] {logging_mixin.py:190} INFO - [2024-10-06T04:54:15.433+0000] {dag.py:3239} INFO - Sync 1 DAGs
[2024-10-06T04:54:15.452+0000] {logging_mixin.py:190} INFO - [2024-10-06T04:54:15.452+0000] {dag.py:4180} INFO - Setting next_dagrun for hello_world_marcell to 2024-10-06 00:00:00+00:00, run_after=2024-10-07 00:00:00+00:00
[2024-10-06T04:54:15.471+0000] {processor.py:208} INFO - Processing /opt/airflow/dags/hello_world.py took 0.067 seconds
[2024-10-06T04:54:45.934+0000] {processor.py:186} INFO - Started process (PID=5424) to work on /opt/airflow/dags/hello_world.py
[2024-10-06T04:54:45.934+0000] {processor.py:914} INFO - Processing file /opt/airflow/dags/hello_world.py for tasks to queue
[2024-10-06T04:54:45.936+0000] {logging_mixin.py:190} INFO - [2024-10-06T04:54:45.936+0000] {dagbag.py:588} INFO - Filling up the DagBag from /opt/airflow/dags/hello_world.py
[2024-10-06T04:54:45.942+0000] {processor.py:925} INFO - DAG(s) 'hello_world_marcell' retrieved from /opt/airflow/dags/hello_world.py
[2024-10-06T04:54:45.957+0000] {logging_mixin.py:190} INFO - [2024-10-06T04:54:45.956+0000] {dag.py:3239} INFO - Sync 1 DAGs
[2024-10-06T04:54:45.974+0000] {logging_mixin.py:190} INFO - [2024-10-06T04:54:45.974+0000] {dag.py:4180} INFO - Setting next_dagrun for hello_world_marcell to 2024-10-06 00:00:00+00:00, run_after=2024-10-07 00:00:00+00:00
[2024-10-06T04:54:45.993+0000] {processor.py:208} INFO - Processing /opt/airflow/dags/hello_world.py took 0.064 seconds
[2024-10-06T04:55:16.185+0000] {processor.py:186} INFO - Started process (PID=5488) to work on /opt/airflow/dags/hello_world.py
[2024-10-06T04:55:16.185+0000] {processor.py:914} INFO - Processing file /opt/airflow/dags/hello_world.py for tasks to queue
[2024-10-06T04:55:16.187+0000] {logging_mixin.py:190} INFO - [2024-10-06T04:55:16.187+0000] {dagbag.py:588} INFO - Filling up the DagBag from /opt/airflow/dags/hello_world.py
[2024-10-06T04:55:16.194+0000] {processor.py:925} INFO - DAG(s) 'hello_world_marcell' retrieved from /opt/airflow/dags/hello_world.py
[2024-10-06T04:55:16.209+0000] {logging_mixin.py:190} INFO - [2024-10-06T04:55:16.208+0000] {dag.py:3239} INFO - Sync 1 DAGs
[2024-10-06T04:55:16.227+0000] {logging_mixin.py:190} INFO - [2024-10-06T04:55:16.226+0000] {dag.py:4180} INFO - Setting next_dagrun for hello_world_marcell to 2024-10-06 00:00:00+00:00, run_after=2024-10-07 00:00:00+00:00
[2024-10-06T04:55:16.244+0000] {processor.py:208} INFO - Processing /opt/airflow/dags/hello_world.py took 0.064 seconds
[2024-10-06T04:55:46.497+0000] {processor.py:186} INFO - Started process (PID=5552) to work on /opt/airflow/dags/hello_world.py
[2024-10-06T04:55:46.498+0000] {processor.py:914} INFO - Processing file /opt/airflow/dags/hello_world.py for tasks to queue
[2024-10-06T04:55:46.499+0000] {logging_mixin.py:190} INFO - [2024-10-06T04:55:46.499+0000] {dagbag.py:588} INFO - Filling up the DagBag from /opt/airflow/dags/hello_world.py
[2024-10-06T04:55:46.506+0000] {processor.py:925} INFO - DAG(s) 'hello_world_marcell' retrieved from /opt/airflow/dags/hello_world.py
[2024-10-06T04:55:46.519+0000] {logging_mixin.py:190} INFO - [2024-10-06T04:55:46.519+0000] {dag.py:3239} INFO - Sync 1 DAGs
[2024-10-06T04:55:46.537+0000] {logging_mixin.py:190} INFO - [2024-10-06T04:55:46.537+0000] {dag.py:4180} INFO - Setting next_dagrun for hello_world_marcell to 2024-10-06 00:00:00+00:00, run_after=2024-10-07 00:00:00+00:00
[2024-10-06T04:55:46.553+0000] {processor.py:208} INFO - Processing /opt/airflow/dags/hello_world.py took 0.061 seconds
[2024-10-06T04:56:16.743+0000] {processor.py:186} INFO - Started process (PID=5616) to work on /opt/airflow/dags/hello_world.py
[2024-10-06T04:56:16.744+0000] {processor.py:914} INFO - Processing file /opt/airflow/dags/hello_world.py for tasks to queue
[2024-10-06T04:56:16.745+0000] {logging_mixin.py:190} INFO - [2024-10-06T04:56:16.745+0000] {dagbag.py:588} INFO - Filling up the DagBag from /opt/airflow/dags/hello_world.py
[2024-10-06T04:56:16.752+0000] {processor.py:925} INFO - DAG(s) 'hello_world_marcell' retrieved from /opt/airflow/dags/hello_world.py
[2024-10-06T04:56:16.766+0000] {logging_mixin.py:190} INFO - [2024-10-06T04:56:16.766+0000] {dag.py:3239} INFO - Sync 1 DAGs
[2024-10-06T04:56:16.785+0000] {logging_mixin.py:190} INFO - [2024-10-06T04:56:16.785+0000] {dag.py:4180} INFO - Setting next_dagrun for hello_world_marcell to 2024-10-06 00:00:00+00:00, run_after=2024-10-07 00:00:00+00:00
[2024-10-06T04:56:16.802+0000] {processor.py:208} INFO - Processing /opt/airflow/dags/hello_world.py took 0.063 seconds
[2024-10-06T04:56:47.106+0000] {processor.py:186} INFO - Started process (PID=5679) to work on /opt/airflow/dags/hello_world.py
[2024-10-06T04:56:47.106+0000] {processor.py:914} INFO - Processing file /opt/airflow/dags/hello_world.py for tasks to queue
[2024-10-06T04:56:47.108+0000] {logging_mixin.py:190} INFO - [2024-10-06T04:56:47.108+0000] {dagbag.py:588} INFO - Filling up the DagBag from /opt/airflow/dags/hello_world.py
[2024-10-06T04:56:47.115+0000] {processor.py:925} INFO - DAG(s) 'hello_world_marcell' retrieved from /opt/airflow/dags/hello_world.py
[2024-10-06T04:56:47.128+0000] {logging_mixin.py:190} INFO - [2024-10-06T04:56:47.128+0000] {dag.py:3239} INFO - Sync 1 DAGs
[2024-10-06T04:56:47.148+0000] {logging_mixin.py:190} INFO - [2024-10-06T04:56:47.148+0000] {dag.py:4180} INFO - Setting next_dagrun for hello_world_marcell to 2024-10-06 00:00:00+00:00, run_after=2024-10-07 00:00:00+00:00
[2024-10-06T04:56:47.166+0000] {processor.py:208} INFO - Processing /opt/airflow/dags/hello_world.py took 0.065 seconds
[2024-10-06T04:57:17.476+0000] {processor.py:186} INFO - Started process (PID=5743) to work on /opt/airflow/dags/hello_world.py
[2024-10-06T04:57:17.477+0000] {processor.py:914} INFO - Processing file /opt/airflow/dags/hello_world.py for tasks to queue
[2024-10-06T04:57:17.479+0000] {logging_mixin.py:190} INFO - [2024-10-06T04:57:17.478+0000] {dagbag.py:588} INFO - Filling up the DagBag from /opt/airflow/dags/hello_world.py
[2024-10-06T04:57:17.485+0000] {processor.py:925} INFO - DAG(s) 'hello_world_marcell' retrieved from /opt/airflow/dags/hello_world.py
[2024-10-06T04:57:17.500+0000] {logging_mixin.py:190} INFO - [2024-10-06T04:57:17.499+0000] {dag.py:3239} INFO - Sync 1 DAGs
[2024-10-06T04:57:17.519+0000] {logging_mixin.py:190} INFO - [2024-10-06T04:57:17.519+0000] {dag.py:4180} INFO - Setting next_dagrun for hello_world_marcell to 2024-10-06 00:00:00+00:00, run_after=2024-10-07 00:00:00+00:00
[2024-10-06T04:57:17.536+0000] {processor.py:208} INFO - Processing /opt/airflow/dags/hello_world.py took 0.064 seconds
